INFO - 2023-04-05 18:09:15 --> Session: Class initialized using 'CodeIgniter\Session\Handlers\FileHandler' driver.
INFO - 2023-04-05 18:09:16 --> Session: Class initialized using 'CodeIgniter\Session\Handlers\FileHandler' driver.
ERROR - 2023-04-05 18:09:25 --> Error connecting to the database: mysqli_sql_exception: No connection could be made because the target machine actively refused it in D:\Files\Program\sambirejo_ci\system\Database\MySQLi\Connection.php:174
Stack trace:
#0 D:\Files\Program\sambirejo_ci\system\Database\MySQLi\Connection.php(174): mysqli->real_connect('localhost', 'root', '', 'desa_sambirejo', 3306, '', 0)
#1 D:\Files\Program\sambirejo_ci\system\Database\BaseConnection.php(391): CodeIgniter\Database\MySQLi\Connection->connect(false)
#2 D:\Files\Program\sambirejo_ci\system\Database\BaseConnection.php(573): CodeIgniter\Database\BaseConnection->initialize()
#3 D:\Files\Program\sambirejo_ci\system\Database\BaseBuilder.php(1602): CodeIgniter\Database\BaseConnection->query('SELECT *\nFROM `...', Array, false)
#4 D:\Files\Program\sambirejo_ci\system\Model.php(267): CodeIgniter\Database\BaseBuilder->get()
#5 D:\Files\Program\sambirejo_ci\system\BaseModel.php(656): CodeIgniter\Model->doFirst()
#6 D:\Files\Program\sambirejo_ci\app\Controllers\Login.php(19): CodeIgniter\BaseModel->first()
#7 D:\Files\Program\sambirejo_ci\system\CodeIgniter.php(934): App\Controllers\Login->valid_login()
#8 D:\Files\Program\sambirejo_ci\system\CodeIgniter.php(499): CodeIgniter\CodeIgniter->runController(Object(App\Controllers\Login))
#9 D:\Files\Program\sambirejo_ci\system\CodeIgniter.php(368): CodeIgniter\CodeIgniter->handleRequest(NULL, Object(Config\Cache), false)
#10 D:\Files\Program\sambirejo_ci\public\index.php(67): CodeIgniter\CodeIgniter->run()
#11 D:\Files\Program\sambirejo_ci\system\Commands\Server\rewrite.php(47): require_once('D:\\Files\\Progra...')
#12 {main}

Next CodeIgniter\Database\Exceptions\DatabaseException: No connection could be made because the target machine actively refused it in D:\Files\Program\sambirejo_ci\system\Database\MySQLi\Connection.php:218
Stack trace:
#0 D:\Files\Program\sambirejo_ci\system\Database\BaseConnection.php(391): CodeIgniter\Database\MySQLi\Connection->connect(false)
#1 D:\Files\Program\sambirejo_ci\system\Database\BaseConnection.php(573): CodeIgniter\Database\BaseConnection->initialize()
#2 D:\Files\Program\sambirejo_ci\system\Database\BaseBuilder.php(1602): CodeIgniter\Database\BaseConnection->query('SELECT *\nFROM `...', Array, false)
#3 D:\Files\Program\sambirejo_ci\system\Model.php(267): CodeIgniter\Database\BaseBuilder->get()
#4 D:\Files\Program\sambirejo_ci\system\BaseModel.php(656): CodeIgniter\Model->doFirst()
#5 D:\Files\Program\sambirejo_ci\app\Controllers\Login.php(19): CodeIgniter\BaseModel->first()
#6 D:\Files\Program\sambirejo_ci\system\CodeIgniter.php(934): App\Controllers\Login->valid_login()
#7 D:\Files\Program\sambirejo_ci\system\CodeIgniter.php(499): CodeIgniter\CodeIgniter->runController(Object(App\Controllers\Login))
#8 D:\Files\Program\sambirejo_ci\system\CodeIgniter.php(368): CodeIgniter\CodeIgniter->handleRequest(NULL, Object(Config\Cache), false)
#9 D:\Files\Program\sambirejo_ci\public\index.php(67): CodeIgniter\CodeIgniter->run()
#10 D:\Files\Program\sambirejo_ci\system\Commands\Server\rewrite.php(47): require_once('D:\\Files\\Progra...')
#11 {main}
CRITICAL - 2023-04-05 18:09:25 --> Unable to connect to the database.
Main connection [MySQLi]: No connection could be made because the target machine actively refused it
in SYSTEMPATH\Database\BaseConnection.php on line 427.
 1 SYSTEMPATH\Database\BaseConnection.php(573): CodeIgniter\Database\BaseConnection->initialize()
 2 SYSTEMPATH\Database\BaseBuilder.php(1602): CodeIgniter\Database\BaseConnection->query('SELECT *
FROM `admin`
WHERE `username` = :username:
 LIMIT 1', [...], false)
 3 SYSTEMPATH\Model.php(267): CodeIgniter\Database\BaseBuilder->get()
 4 SYSTEMPATH\BaseModel.php(656): CodeIgniter\Model->doFirst()
 5 APPPATH\Controllers\Login.php(19): CodeIgniter\BaseModel->first()
 6 SYSTEMPATH\CodeIgniter.php(934): App\Controllers\Login->valid_login()
 7 SYSTEMPATH\CodeIgniter.php(499): CodeIgniter\CodeIgniter->runController(Object(App\Controllers\Login))
 8 SYSTEMPATH\CodeIgniter.php(368): CodeIgniter\CodeIgniter->handleRequest(null, Object(Config\Cache), false)
 9 FCPATH\index.php(67): CodeIgniter\CodeIgniter->run()
10 SYSTEMPATH\Commands\Server\rewrite.php(47): require_once('FCPATH\\index.php')
INFO - 2023-04-05 18:22:04 --> Session: Class initialized using 'CodeIgniter\Session\Handlers\FileHandler' driver.
INFO - 2023-04-05 18:22:04 --> Session: Class initialized using 'CodeIgniter\Session\Handlers\FileHandler' driver.
