ERROR - 2023-06-22 18:27:24 --> Error connecting to the database: mysqli_sql_exception: No connection could be made because the target machine actively refused it in D:\File\code\sambirejo_ci\system\Database\MySQLi\Connection.php:173
Stack trace:
#0 D:\File\code\sambirejo_ci\system\Database\MySQLi\Connection.php(173): mysqli->real_connect('localhost', 'root', Object(SensitiveParameterValue), 'desa_sambirejo', 3306, '', 0)
#1 D:\File\code\sambirejo_ci\system\Database\BaseConnection.php(391): CodeIgniter\Database\MySQLi\Connection->connect(false)
#2 D:\File\code\sambirejo_ci\system\Database\BaseConnection.php(573): CodeIgniter\Database\BaseConnection->initialize()
#3 D:\File\code\sambirejo_ci\system\Database\BaseBuilder.php(2295): CodeIgniter\Database\BaseConnection->query('INSERT INTO `pe...', Array, false)
#4 D:\File\code\sambirejo_ci\system\Model.php(329): CodeIgniter\Database\BaseBuilder->insert()
#5 D:\File\code\sambirejo_ci\system\BaseModel.php(782): CodeIgniter\Model->doInsert(Array)
#6 D:\File\code\sambirejo_ci\system\Model.php(729): CodeIgniter\BaseModel->insert(Array, false)
#7 D:\File\code\sambirejo_ci\system\BaseModel.php(692): CodeIgniter\Model->insert(Array, false)
#8 D:\File\code\sambirejo_ci\app\Controllers\Paket.php(21): CodeIgniter\BaseModel->save(Array)
#9 D:\File\code\sambirejo_ci\system\CodeIgniter.php(934): App\Controllers\Paket->save()
#10 D:\File\code\sambirejo_ci\system\CodeIgniter.php(499): CodeIgniter\CodeIgniter->runController(Object(App\Controllers\Paket))
#11 D:\File\code\sambirejo_ci\system\CodeIgniter.php(368): CodeIgniter\CodeIgniter->handleRequest(NULL, Object(Config\Cache), false)
#12 D:\File\code\sambirejo_ci\public\index.php(67): CodeIgniter\CodeIgniter->run()
#13 D:\File\code\sambirejo_ci\system\Commands\Server\rewrite.php(47): require_once('D:\\File\\code\\sa...')
#14 {main}

Next CodeIgniter\Database\Exceptions\DatabaseException: No connection could be made because the target machine actively refused it in D:\File\code\sambirejo_ci\system\Database\MySQLi\Connection.php:218
Stack trace:
#0 D:\File\code\sambirejo_ci\system\Database\BaseConnection.php(391): CodeIgniter\Database\MySQLi\Connection->connect(false)
#1 D:\File\code\sambirejo_ci\system\Database\BaseConnection.php(573): CodeIgniter\Database\BaseConnection->initialize()
#2 D:\File\code\sambirejo_ci\system\Database\BaseBuilder.php(2295): CodeIgniter\Database\BaseConnection->query('INSERT INTO `pe...', Array, false)
#3 D:\File\code\sambirejo_ci\system\Model.php(329): CodeIgniter\Database\BaseBuilder->insert()
#4 D:\File\code\sambirejo_ci\system\BaseModel.php(782): CodeIgniter\Model->doInsert(Array)
#5 D:\File\code\sambirejo_ci\system\Model.php(729): CodeIgniter\BaseModel->insert(Array, false)
#6 D:\File\code\sambirejo_ci\system\BaseModel.php(692): CodeIgniter\Model->insert(Array, false)
#7 D:\File\code\sambirejo_ci\app\Controllers\Paket.php(21): CodeIgniter\BaseModel->save(Array)
#8 D:\File\code\sambirejo_ci\system\CodeIgniter.php(934): App\Controllers\Paket->save()
#9 D:\File\code\sambirejo_ci\system\CodeIgniter.php(499): CodeIgniter\CodeIgniter->runController(Object(App\Controllers\Paket))
#10 D:\File\code\sambirejo_ci\system\CodeIgniter.php(368): CodeIgniter\CodeIgniter->handleRequest(NULL, Object(Config\Cache), false)
#11 D:\File\code\sambirejo_ci\public\index.php(67): CodeIgniter\CodeIgniter->run()
#12 D:\File\code\sambirejo_ci\system\Commands\Server\rewrite.php(47): require_once('D:\\File\\code\\sa...')
#13 {main}
CRITICAL - 2023-06-22 18:27:24 --> Unable to connect to the database.
Main connection [MySQLi]: No connection could be made because the target machine actively refused it
in SYSTEMPATH\Database\BaseConnection.php on line 427.
 1 SYSTEMPATH\Database\BaseConnection.php(573): CodeIgniter\Database\BaseConnection->initialize()
 2 SYSTEMPATH\Database\BaseBuilder.php(2295): CodeIgniter\Database\BaseConnection->query('INSERT INTO `pesanan` (`kode`, `nama`, `no_hp`, `email`, `tiket`, `paket`) VALUES (:kode:, :nama:, :no_hp:, :email:, :tiket:, :paket:)', [...], false)
 3 SYSTEMPATH\Model.php(329): CodeIgniter\Database\BaseBuilder->insert()
 4 SYSTEMPATH\BaseModel.php(782): CodeIgniter\Model->doInsert([...])
 5 SYSTEMPATH\Model.php(729): CodeIgniter\BaseModel->insert([...], false)
 6 SYSTEMPATH\BaseModel.php(692): CodeIgniter\Model->insert([...], false)
 7 APPPATH\Controllers\Paket.php(21): CodeIgniter\BaseModel->save([...])
 8 SYSTEMPATH\CodeIgniter.php(934): App\Controllers\Paket->save()
 9 SYSTEMPATH\CodeIgniter.php(499): CodeIgniter\CodeIgniter->runController(Object(App\Controllers\Paket))
10 SYSTEMPATH\CodeIgniter.php(368): CodeIgniter\CodeIgniter->handleRequest(null, Object(Config\Cache), false)
11 FCPATH\index.php(67): CodeIgniter\CodeIgniter->run()
12 SYSTEMPATH\Commands\Server\rewrite.php(47): require_once('FCPATH\\index.php')
INFO - 2023-06-22 18:27:37 --> Session: Class initialized using 'CodeIgniter\Session\Handlers\FileHandler' driver.
INFO - 2023-06-22 18:27:37 --> Session: Class initialized using 'CodeIgniter\Session\Handlers\FileHandler' driver.
INFO - 2023-06-22 18:27:41 --> Session: Class initialized using 'CodeIgniter\Session\Handlers\FileHandler' driver.
INFO - 2023-06-22 18:27:41 --> Session: Class initialized using 'CodeIgniter\Session\Handlers\FileHandler' driver.
INFO - 2023-06-22 18:28:30 --> Session: Class initialized using 'CodeIgniter\Session\Handlers\FileHandler' driver.
INFO - 2023-06-22 18:29:00 --> Session: Class initialized using 'CodeIgniter\Session\Handlers\FileHandler' driver.
INFO - 2023-06-22 18:31:52 --> Session: Class initialized using 'CodeIgniter\Session\Handlers\FileHandler' driver.
INFO - 2023-06-22 18:32:29 --> Session: Class initialized using 'CodeIgniter\Session\Handlers\FileHandler' driver.
INFO - 2023-06-22 18:33:40 --> Session: Class initialized using 'CodeIgniter\Session\Handlers\FileHandler' driver.
INFO - 2023-06-22 18:33:44 --> Session: Class initialized using 'CodeIgniter\Session\Handlers\FileHandler' driver.
INFO - 2023-06-22 18:34:31 --> Session: Class initialized using 'CodeIgniter\Session\Handlers\FileHandler' driver.
INFO - 2023-06-22 18:34:34 --> Session: Class initialized using 'CodeIgniter\Session\Handlers\FileHandler' driver.
INFO - 2023-06-22 18:37:51 --> Session: Class initialized using 'CodeIgniter\Session\Handlers\FileHandler' driver.
ERROR - 2023-06-22 18:42:42 --> mysqli_sql_exception: Column 'kode' cannot be null in D:\File\code\sambirejo_ci\system\Database\MySQLi\Connection.php:295
Stack trace:
#0 D:\File\code\sambirejo_ci\system\Database\MySQLi\Connection.php(295): mysqli->query('INSERT INTO `pe...', 0)
#1 D:\File\code\sambirejo_ci\system\Database\BaseConnection.php(691): CodeIgniter\Database\MySQLi\Connection->execute('INSERT INTO `pe...')
#2 D:\File\code\sambirejo_ci\system\Database\BaseConnection.php(605): CodeIgniter\Database\BaseConnection->simpleQuery('INSERT INTO `pe...')
#3 D:\File\code\sambirejo_ci\system\Database\BaseBuilder.php(2295): CodeIgniter\Database\BaseConnection->query('INSERT INTO `pe...', Array, false)
#4 D:\File\code\sambirejo_ci\system\Model.php(329): CodeIgniter\Database\BaseBuilder->insert()
#5 D:\File\code\sambirejo_ci\system\BaseModel.php(782): CodeIgniter\Model->doInsert(Array)
#6 D:\File\code\sambirejo_ci\system\Model.php(729): CodeIgniter\BaseModel->insert(Array, false)
#7 D:\File\code\sambirejo_ci\system\BaseModel.php(692): CodeIgniter\Model->insert(Array, false)
#8 D:\File\code\sambirejo_ci\app\Controllers\Paket.php(21): CodeIgniter\BaseModel->save(Array)
#9 D:\File\code\sambirejo_ci\system\CodeIgniter.php(934): App\Controllers\Paket->save()
#10 D:\File\code\sambirejo_ci\system\CodeIgniter.php(499): CodeIgniter\CodeIgniter->runController(Object(App\Controllers\Paket))
#11 D:\File\code\sambirejo_ci\system\CodeIgniter.php(368): CodeIgniter\CodeIgniter->handleRequest(NULL, Object(Config\Cache), false)
#12 D:\File\code\sambirejo_ci\public\index.php(67): CodeIgniter\CodeIgniter->run()
#13 D:\File\code\sambirejo_ci\system\Commands\Server\rewrite.php(47): require_once('D:\\File\\code\\sa...')
#14 {main}
CRITICAL - 2023-06-22 18:42:42 --> Column 'kode' cannot be null
in SYSTEMPATH\Database\BaseConnection.php on line 645.
 1 SYSTEMPATH\Database\BaseBuilder.php(2295): CodeIgniter\Database\BaseConnection->query('INSERT INTO `pesanan` (`kode`, `nama`, `no_hp`, `email`, `tiket`, `paket`) VALUES (:kode:, :nama:, :no_hp:, :email:, :tiket:, :paket:)', [...], false)
 2 SYSTEMPATH\Model.php(329): CodeIgniter\Database\BaseBuilder->insert()
 3 SYSTEMPATH\BaseModel.php(782): CodeIgniter\Model->doInsert([...])
 4 SYSTEMPATH\Model.php(729): CodeIgniter\BaseModel->insert([...], false)
 5 SYSTEMPATH\BaseModel.php(692): CodeIgniter\Model->insert([...], false)
 6 APPPATH\Controllers\Paket.php(21): CodeIgniter\BaseModel->save([...])
 7 SYSTEMPATH\CodeIgniter.php(934): App\Controllers\Paket->save()
 8 SYSTEMPATH\CodeIgniter.php(499): CodeIgniter\CodeIgniter->runController(Object(App\Controllers\Paket))
 9 SYSTEMPATH\CodeIgniter.php(368): CodeIgniter\CodeIgniter->handleRequest(null, Object(Config\Cache), false)
10 FCPATH\index.php(67): CodeIgniter\CodeIgniter->run()
11 SYSTEMPATH\Commands\Server\rewrite.php(47): require_once('FCPATH\\index.php')
ERROR - 2023-06-22 18:43:06 --> mysqli_sql_exception: Column 'kode' cannot be null in D:\File\code\sambirejo_ci\system\Database\MySQLi\Connection.php:295
Stack trace:
#0 D:\File\code\sambirejo_ci\system\Database\MySQLi\Connection.php(295): mysqli->query('INSERT INTO `pe...', 0)
#1 D:\File\code\sambirejo_ci\system\Database\BaseConnection.php(691): CodeIgniter\Database\MySQLi\Connection->execute('INSERT INTO `pe...')
#2 D:\File\code\sambirejo_ci\system\Database\BaseConnection.php(605): CodeIgniter\Database\BaseConnection->simpleQuery('INSERT INTO `pe...')
#3 D:\File\code\sambirejo_ci\system\Database\BaseBuilder.php(2295): CodeIgniter\Database\BaseConnection->query('INSERT INTO `pe...', Array, false)
#4 D:\File\code\sambirejo_ci\system\Model.php(329): CodeIgniter\Database\BaseBuilder->insert()
#5 D:\File\code\sambirejo_ci\system\BaseModel.php(782): CodeIgniter\Model->doInsert(Array)
#6 D:\File\code\sambirejo_ci\system\Model.php(729): CodeIgniter\BaseModel->insert(Array, false)
#7 D:\File\code\sambirejo_ci\system\BaseModel.php(692): CodeIgniter\Model->insert(Array, false)
#8 D:\File\code\sambirejo_ci\app\Controllers\Paket.php(21): CodeIgniter\BaseModel->save(Array)
#9 D:\File\code\sambirejo_ci\system\CodeIgniter.php(934): App\Controllers\Paket->save()
#10 D:\File\code\sambirejo_ci\system\CodeIgniter.php(499): CodeIgniter\CodeIgniter->runController(Object(App\Controllers\Paket))
#11 D:\File\code\sambirejo_ci\system\CodeIgniter.php(368): CodeIgniter\CodeIgniter->handleRequest(NULL, Object(Config\Cache), false)
#12 D:\File\code\sambirejo_ci\public\index.php(67): CodeIgniter\CodeIgniter->run()
#13 D:\File\code\sambirejo_ci\system\Commands\Server\rewrite.php(47): require_once('D:\\File\\code\\sa...')
#14 {main}
CRITICAL - 2023-06-22 18:43:06 --> Column 'kode' cannot be null
in SYSTEMPATH\Database\BaseConnection.php on line 645.
 1 SYSTEMPATH\Database\BaseBuilder.php(2295): CodeIgniter\Database\BaseConnection->query('INSERT INTO `pesanan` (`kode`, `nama`, `no_hp`, `email`, `tiket`, `paket`) VALUES (:kode:, :nama:, :no_hp:, :email:, :tiket:, :paket:)', [...], false)
 2 SYSTEMPATH\Model.php(329): CodeIgniter\Database\BaseBuilder->insert()
 3 SYSTEMPATH\BaseModel.php(782): CodeIgniter\Model->doInsert([...])
 4 SYSTEMPATH\Model.php(729): CodeIgniter\BaseModel->insert([...], false)
 5 SYSTEMPATH\BaseModel.php(692): CodeIgniter\Model->insert([...], false)
 6 APPPATH\Controllers\Paket.php(21): CodeIgniter\BaseModel->save([...])
 7 SYSTEMPATH\CodeIgniter.php(934): App\Controllers\Paket->save()
 8 SYSTEMPATH\CodeIgniter.php(499): CodeIgniter\CodeIgniter->runController(Object(App\Controllers\Paket))
 9 SYSTEMPATH\CodeIgniter.php(368): CodeIgniter\CodeIgniter->handleRequest(null, Object(Config\Cache), false)
10 FCPATH\index.php(67): CodeIgniter\CodeIgniter->run()
11 SYSTEMPATH\Commands\Server\rewrite.php(47): require_once('FCPATH\\index.php')
ERROR - 2023-06-22 18:43:32 --> mysqli_sql_exception: Column 'kode' cannot be null in D:\File\code\sambirejo_ci\system\Database\MySQLi\Connection.php:295
Stack trace:
#0 D:\File\code\sambirejo_ci\system\Database\MySQLi\Connection.php(295): mysqli->query('INSERT INTO `pe...', 0)
#1 D:\File\code\sambirejo_ci\system\Database\BaseConnection.php(691): CodeIgniter\Database\MySQLi\Connection->execute('INSERT INTO `pe...')
#2 D:\File\code\sambirejo_ci\system\Database\BaseConnection.php(605): CodeIgniter\Database\BaseConnection->simpleQuery('INSERT INTO `pe...')
#3 D:\File\code\sambirejo_ci\system\Database\BaseBuilder.php(2295): CodeIgniter\Database\BaseConnection->query('INSERT INTO `pe...', Array, false)
#4 D:\File\code\sambirejo_ci\system\Model.php(329): CodeIgniter\Database\BaseBuilder->insert()
#5 D:\File\code\sambirejo_ci\system\BaseModel.php(782): CodeIgniter\Model->doInsert(Array)
#6 D:\File\code\sambirejo_ci\system\Model.php(729): CodeIgniter\BaseModel->insert(Array, false)
#7 D:\File\code\sambirejo_ci\system\BaseModel.php(692): CodeIgniter\Model->insert(Array, false)
#8 D:\File\code\sambirejo_ci\app\Controllers\Paket.php(21): CodeIgniter\BaseModel->save(Array)
#9 D:\File\code\sambirejo_ci\system\CodeIgniter.php(934): App\Controllers\Paket->save()
#10 D:\File\code\sambirejo_ci\system\CodeIgniter.php(499): CodeIgniter\CodeIgniter->runController(Object(App\Controllers\Paket))
#11 D:\File\code\sambirejo_ci\system\CodeIgniter.php(368): CodeIgniter\CodeIgniter->handleRequest(NULL, Object(Config\Cache), false)
#12 D:\File\code\sambirejo_ci\public\index.php(67): CodeIgniter\CodeIgniter->run()
#13 D:\File\code\sambirejo_ci\system\Commands\Server\rewrite.php(47): require_once('D:\\File\\code\\sa...')
#14 {main}
CRITICAL - 2023-06-22 18:43:32 --> Column 'kode' cannot be null
in SYSTEMPATH\Database\BaseConnection.php on line 645.
 1 SYSTEMPATH\Database\BaseBuilder.php(2295): CodeIgniter\Database\BaseConnection->query('INSERT INTO `pesanan` (`kode`, `nama`, `no_hp`, `email`, `tiket`, `paket`) VALUES (:kode:, :nama:, :no_hp:, :email:, :tiket:, :paket:)', [...], false)
 2 SYSTEMPATH\Model.php(329): CodeIgniter\Database\BaseBuilder->insert()
 3 SYSTEMPATH\BaseModel.php(782): CodeIgniter\Model->doInsert([...])
 4 SYSTEMPATH\Model.php(729): CodeIgniter\BaseModel->insert([...], false)
 5 SYSTEMPATH\BaseModel.php(692): CodeIgniter\Model->insert([...], false)
 6 APPPATH\Controllers\Paket.php(21): CodeIgniter\BaseModel->save([...])
 7 SYSTEMPATH\CodeIgniter.php(934): App\Controllers\Paket->save()
 8 SYSTEMPATH\CodeIgniter.php(499): CodeIgniter\CodeIgniter->runController(Object(App\Controllers\Paket))
 9 SYSTEMPATH\CodeIgniter.php(368): CodeIgniter\CodeIgniter->handleRequest(null, Object(Config\Cache), false)
10 FCPATH\index.php(67): CodeIgniter\CodeIgniter->run()
11 SYSTEMPATH\Commands\Server\rewrite.php(47): require_once('FCPATH\\index.php')
ERROR - 2023-06-22 18:43:34 --> mysqli_sql_exception: Column 'kode' cannot be null in D:\File\code\sambirejo_ci\system\Database\MySQLi\Connection.php:295
Stack trace:
#0 D:\File\code\sambirejo_ci\system\Database\MySQLi\Connection.php(295): mysqli->query('INSERT INTO `pe...', 0)
#1 D:\File\code\sambirejo_ci\system\Database\BaseConnection.php(691): CodeIgniter\Database\MySQLi\Connection->execute('INSERT INTO `pe...')
#2 D:\File\code\sambirejo_ci\system\Database\BaseConnection.php(605): CodeIgniter\Database\BaseConnection->simpleQuery('INSERT INTO `pe...')
#3 D:\File\code\sambirejo_ci\system\Database\BaseBuilder.php(2295): CodeIgniter\Database\BaseConnection->query('INSERT INTO `pe...', Array, false)
#4 D:\File\code\sambirejo_ci\system\Model.php(329): CodeIgniter\Database\BaseBuilder->insert()
#5 D:\File\code\sambirejo_ci\system\BaseModel.php(782): CodeIgniter\Model->doInsert(Array)
#6 D:\File\code\sambirejo_ci\system\Model.php(729): CodeIgniter\BaseModel->insert(Array, false)
#7 D:\File\code\sambirejo_ci\system\BaseModel.php(692): CodeIgniter\Model->insert(Array, false)
#8 D:\File\code\sambirejo_ci\app\Controllers\Paket.php(21): CodeIgniter\BaseModel->save(Array)
#9 D:\File\code\sambirejo_ci\system\CodeIgniter.php(934): App\Controllers\Paket->save()
#10 D:\File\code\sambirejo_ci\system\CodeIgniter.php(499): CodeIgniter\CodeIgniter->runController(Object(App\Controllers\Paket))
#11 D:\File\code\sambirejo_ci\system\CodeIgniter.php(368): CodeIgniter\CodeIgniter->handleRequest(NULL, Object(Config\Cache), false)
#12 D:\File\code\sambirejo_ci\public\index.php(67): CodeIgniter\CodeIgniter->run()
#13 D:\File\code\sambirejo_ci\system\Commands\Server\rewrite.php(47): require_once('D:\\File\\code\\sa...')
#14 {main}
CRITICAL - 2023-06-22 18:43:34 --> Column 'kode' cannot be null
in SYSTEMPATH\Database\BaseConnection.php on line 645.
 1 SYSTEMPATH\Database\BaseBuilder.php(2295): CodeIgniter\Database\BaseConnection->query('INSERT INTO `pesanan` (`kode`, `nama`, `no_hp`, `email`, `tiket`, `paket`) VALUES (:kode:, :nama:, :no_hp:, :email:, :tiket:, :paket:)', [...], false)
 2 SYSTEMPATH\Model.php(329): CodeIgniter\Database\BaseBuilder->insert()
 3 SYSTEMPATH\BaseModel.php(782): CodeIgniter\Model->doInsert([...])
 4 SYSTEMPATH\Model.php(729): CodeIgniter\BaseModel->insert([...], false)
 5 SYSTEMPATH\BaseModel.php(692): CodeIgniter\Model->insert([...], false)
 6 APPPATH\Controllers\Paket.php(21): CodeIgniter\BaseModel->save([...])
 7 SYSTEMPATH\CodeIgniter.php(934): App\Controllers\Paket->save()
 8 SYSTEMPATH\CodeIgniter.php(499): CodeIgniter\CodeIgniter->runController(Object(App\Controllers\Paket))
 9 SYSTEMPATH\CodeIgniter.php(368): CodeIgniter\CodeIgniter->handleRequest(null, Object(Config\Cache), false)
10 FCPATH\index.php(67): CodeIgniter\CodeIgniter->run()
11 SYSTEMPATH\Commands\Server\rewrite.php(47): require_once('FCPATH\\index.php')
ERROR - 2023-06-22 18:43:48 --> mysqli_sql_exception: Column 'kode' cannot be null in D:\File\code\sambirejo_ci\system\Database\MySQLi\Connection.php:295
Stack trace:
#0 D:\File\code\sambirejo_ci\system\Database\MySQLi\Connection.php(295): mysqli->query('INSERT INTO `pe...', 0)
#1 D:\File\code\sambirejo_ci\system\Database\BaseConnection.php(691): CodeIgniter\Database\MySQLi\Connection->execute('INSERT INTO `pe...')
#2 D:\File\code\sambirejo_ci\system\Database\BaseConnection.php(605): CodeIgniter\Database\BaseConnection->simpleQuery('INSERT INTO `pe...')
#3 D:\File\code\sambirejo_ci\system\Database\BaseBuilder.php(2295): CodeIgniter\Database\BaseConnection->query('INSERT INTO `pe...', Array, false)
#4 D:\File\code\sambirejo_ci\system\Model.php(329): CodeIgniter\Database\BaseBuilder->insert()
#5 D:\File\code\sambirejo_ci\system\BaseModel.php(782): CodeIgniter\Model->doInsert(Array)
#6 D:\File\code\sambirejo_ci\system\Model.php(729): CodeIgniter\BaseModel->insert(Array, false)
#7 D:\File\code\sambirejo_ci\system\BaseModel.php(692): CodeIgniter\Model->insert(Array, false)
#8 D:\File\code\sambirejo_ci\app\Controllers\Paket.php(21): CodeIgniter\BaseModel->save(Array)
#9 D:\File\code\sambirejo_ci\system\CodeIgniter.php(934): App\Controllers\Paket->save()
#10 D:\File\code\sambirejo_ci\system\CodeIgniter.php(499): CodeIgniter\CodeIgniter->runController(Object(App\Controllers\Paket))
#11 D:\File\code\sambirejo_ci\system\CodeIgniter.php(368): CodeIgniter\CodeIgniter->handleRequest(NULL, Object(Config\Cache), false)
#12 D:\File\code\sambirejo_ci\public\index.php(67): CodeIgniter\CodeIgniter->run()
#13 D:\File\code\sambirejo_ci\system\Commands\Server\rewrite.php(47): require_once('D:\\File\\code\\sa...')
#14 {main}
CRITICAL - 2023-06-22 18:43:48 --> Column 'kode' cannot be null
in SYSTEMPATH\Database\BaseConnection.php on line 645.
 1 SYSTEMPATH\Database\BaseBuilder.php(2295): CodeIgniter\Database\BaseConnection->query('INSERT INTO `pesanan` (`kode`, `nama`, `no_hp`, `email`, `tiket`, `paket`) VALUES (:kode:, :nama:, :no_hp:, :email:, :tiket:, :paket:)', [...], false)
 2 SYSTEMPATH\Model.php(329): CodeIgniter\Database\BaseBuilder->insert()
 3 SYSTEMPATH\BaseModel.php(782): CodeIgniter\Model->doInsert([...])
 4 SYSTEMPATH\Model.php(729): CodeIgniter\BaseModel->insert([...], false)
 5 SYSTEMPATH\BaseModel.php(692): CodeIgniter\Model->insert([...], false)
 6 APPPATH\Controllers\Paket.php(21): CodeIgniter\BaseModel->save([...])
 7 SYSTEMPATH\CodeIgniter.php(934): App\Controllers\Paket->save()
 8 SYSTEMPATH\CodeIgniter.php(499): CodeIgniter\CodeIgniter->runController(Object(App\Controllers\Paket))
 9 SYSTEMPATH\CodeIgniter.php(368): CodeIgniter\CodeIgniter->handleRequest(null, Object(Config\Cache), false)
10 FCPATH\index.php(67): CodeIgniter\CodeIgniter->run()
11 SYSTEMPATH\Commands\Server\rewrite.php(47): require_once('FCPATH\\index.php')
INFO - 2023-06-22 18:46:39 --> Session: Class initialized using 'CodeIgniter\Session\Handlers\FileHandler' driver.
INFO - 2023-06-22 18:47:18 --> Session: Class initialized using 'CodeIgniter\Session\Handlers\FileHandler' driver.
