ERROR - 2023-04-13 03:41:53 --> Error connecting to the database: mysqli_sql_exception: No connection could be made because the target machine actively refused it in G:\Files\Program\sambirejo_ci\system\Database\MySQLi\Connection.php:173
Stack trace:
#0 G:\Files\Program\sambirejo_ci\system\Database\MySQLi\Connection.php(173): mysqli->real_connect('localhost', 'root', Object(SensitiveParameterValue), 'desa_sambirejo', 3306, '', 0)
#1 G:\Files\Program\sambirejo_ci\system\Database\BaseConnection.php(391): CodeIgniter\Database\MySQLi\Connection->connect(false)
#2 G:\Files\Program\sambirejo_ci\system\Database\BaseConnection.php(573): CodeIgniter\Database\BaseConnection->initialize()
#3 G:\Files\Program\sambirejo_ci\system\Database\BaseBuilder.php(2295): CodeIgniter\Database\BaseConnection->query('INSERT INTO `pe...', Array, false)
#4 G:\Files\Program\sambirejo_ci\system\Model.php(329): CodeIgniter\Database\BaseBuilder->insert()
#5 G:\Files\Program\sambirejo_ci\system\BaseModel.php(782): CodeIgniter\Model->doInsert(Array)
#6 G:\Files\Program\sambirejo_ci\system\Model.php(729): CodeIgniter\BaseModel->insert(Array, false)
#7 G:\Files\Program\sambirejo_ci\system\BaseModel.php(692): CodeIgniter\Model->insert(Array, false)
#8 G:\Files\Program\sambirejo_ci\app\Controllers\Paket.php(21): CodeIgniter\BaseModel->save(Array)
#9 G:\Files\Program\sambirejo_ci\system\CodeIgniter.php(934): App\Controllers\Paket->save()
#10 G:\Files\Program\sambirejo_ci\system\CodeIgniter.php(499): CodeIgniter\CodeIgniter->runController(Object(App\Controllers\Paket))
#11 G:\Files\Program\sambirejo_ci\system\CodeIgniter.php(368): CodeIgniter\CodeIgniter->handleRequest(NULL, Object(Config\Cache), false)
#12 G:\Files\Program\sambirejo_ci\public\index.php(67): CodeIgniter\CodeIgniter->run()
#13 G:\Files\Program\sambirejo_ci\system\Commands\Server\rewrite.php(47): require_once('G:\\Files\\Progra...')
#14 {main}

Next CodeIgniter\Database\Exceptions\DatabaseException: No connection could be made because the target machine actively refused it in G:\Files\Program\sambirejo_ci\system\Database\MySQLi\Connection.php:218
Stack trace:
#0 G:\Files\Program\sambirejo_ci\system\Database\BaseConnection.php(391): CodeIgniter\Database\MySQLi\Connection->connect(false)
#1 G:\Files\Program\sambirejo_ci\system\Database\BaseConnection.php(573): CodeIgniter\Database\BaseConnection->initialize()
#2 G:\Files\Program\sambirejo_ci\system\Database\BaseBuilder.php(2295): CodeIgniter\Database\BaseConnection->query('INSERT INTO `pe...', Array, false)
#3 G:\Files\Program\sambirejo_ci\system\Model.php(329): CodeIgniter\Database\BaseBuilder->insert()
#4 G:\Files\Program\sambirejo_ci\system\BaseModel.php(782): CodeIgniter\Model->doInsert(Array)
#5 G:\Files\Program\sambirejo_ci\system\Model.php(729): CodeIgniter\BaseModel->insert(Array, false)
#6 G:\Files\Program\sambirejo_ci\system\BaseModel.php(692): CodeIgniter\Model->insert(Array, false)
#7 G:\Files\Program\sambirejo_ci\app\Controllers\Paket.php(21): CodeIgniter\BaseModel->save(Array)
#8 G:\Files\Program\sambirejo_ci\system\CodeIgniter.php(934): App\Controllers\Paket->save()
#9 G:\Files\Program\sambirejo_ci\system\CodeIgniter.php(499): CodeIgniter\CodeIgniter->runController(Object(App\Controllers\Paket))
#10 G:\Files\Program\sambirejo_ci\system\CodeIgniter.php(368): CodeIgniter\CodeIgniter->handleRequest(NULL, Object(Config\Cache), false)
#11 G:\Files\Program\sambirejo_ci\public\index.php(67): CodeIgniter\CodeIgniter->run()
#12 G:\Files\Program\sambirejo_ci\system\Commands\Server\rewrite.php(47): require_once('G:\\Files\\Progra...')
#13 {main}
CRITICAL - 2023-04-13 03:41:53 --> Unable to connect to the database.
Main connection [MySQLi]: No connection could be made because the target machine actively refused it
in SYSTEMPATH\Database\BaseConnection.php on line 427.
 1 SYSTEMPATH\Database\BaseConnection.php(573): CodeIgniter\Database\BaseConnection->initialize()
 2 SYSTEMPATH\Database\BaseBuilder.php(2295): CodeIgniter\Database\BaseConnection->query('INSERT INTO `pesanan` (`kode`, `nama`, `no_hp`, `email`, `tiket`, `paket`) VALUES (:kode:, :nama:, :no_hp:, :email:, :tiket:, :paket:)', [...], false)
 3 SYSTEMPATH\Model.php(329): CodeIgniter\Database\BaseBuilder->insert()
 4 SYSTEMPATH\BaseModel.php(782): CodeIgniter\Model->doInsert([...])
 5 SYSTEMPATH\Model.php(729): CodeIgniter\BaseModel->insert([...], false)
 6 SYSTEMPATH\BaseModel.php(692): CodeIgniter\Model->insert([...], false)
 7 APPPATH\Controllers\Paket.php(21): CodeIgniter\BaseModel->save([...])
 8 SYSTEMPATH\CodeIgniter.php(934): App\Controllers\Paket->save()
 9 SYSTEMPATH\CodeIgniter.php(499): CodeIgniter\CodeIgniter->runController(Object(App\Controllers\Paket))
10 SYSTEMPATH\CodeIgniter.php(368): CodeIgniter\CodeIgniter->handleRequest(null, Object(Config\Cache), false)
11 FCPATH\index.php(67): CodeIgniter\CodeIgniter->run()
12 SYSTEMPATH\Commands\Server\rewrite.php(47): require_once('FCPATH\\index.php')
INFO - 2023-04-13 03:42:26 --> Session: Class initialized using 'CodeIgniter\Session\Handlers\FileHandler' driver.
INFO - 2023-04-13 03:42:26 --> Session: Class initialized using 'CodeIgniter\Session\Handlers\FileHandler' driver.
INFO - 2023-04-13 03:42:30 --> Session: Class initialized using 'CodeIgniter\Session\Handlers\FileHandler' driver.
INFO - 2023-04-13 03:42:30 --> Session: Class initialized using 'CodeIgniter\Session\Handlers\FileHandler' driver.
INFO - 2023-04-13 03:42:58 --> Session: Class initialized using 'CodeIgniter\Session\Handlers\FileHandler' driver.
INFO - 2023-04-13 03:43:26 --> Session: Class initialized using 'CodeIgniter\Session\Handlers\FileHandler' driver.
