INFO - 2023-03-09 13:28:20 --> Session: Class initialized using 'CodeIgniter\Session\Handlers\FileHandler' driver.
INFO - 2023-03-09 13:28:20 --> Session: Class initialized using 'CodeIgniter\Session\Handlers\FileHandler' driver.
ERROR - 2023-03-09 13:28:38 --> Error connecting to the database: mysqli_sql_exception: A connection attempt failed because the connected party did not properly respond after a period of time, or established connection failed because connected host has failed to respond in D:\Files\Program\sambirejo_ci\system\Database\MySQLi\Connection.php:174
Stack trace:
#0 D:\Files\Program\sambirejo_ci\system\Database\MySQLi\Connection.php(174): mysqli->real_connect('sql204.epizy.co...', 'epiz_33652974', 'zxNHaPKhz9d', 'epiz_33652974_d...', 3306, '', 0)
#1 D:\Files\Program\sambirejo_ci\system\Database\BaseConnection.php(391): CodeIgniter\Database\MySQLi\Connection->connect(false)
#2 D:\Files\Program\sambirejo_ci\system\Database\BaseConnection.php(573): CodeIgniter\Database\BaseConnection->initialize()
#3 D:\Files\Program\sambirejo_ci\system\Database\BaseBuilder.php(1602): CodeIgniter\Database\BaseConnection->query('SELECT *\nFROM `...', Array, false)
#4 D:\Files\Program\sambirejo_ci\system\Model.php(267): CodeIgniter\Database\BaseBuilder->get()
#5 D:\Files\Program\sambirejo_ci\system\BaseModel.php(656): CodeIgniter\Model->doFirst()
#6 D:\Files\Program\sambirejo_ci\app\Controllers\Login.php(19): CodeIgniter\BaseModel->first()
#7 D:\Files\Program\sambirejo_ci\system\CodeIgniter.php(934): App\Controllers\Login->valid_login()
#8 D:\Files\Program\sambirejo_ci\system\CodeIgniter.php(499): CodeIgniter\CodeIgniter->runController(Object(App\Controllers\Login))
#9 D:\Files\Program\sambirejo_ci\system\CodeIgniter.php(368): CodeIgniter\CodeIgniter->handleRequest(NULL, Object(Config\Cache), false)
#10 D:\Files\Program\sambirejo_ci\public\index.php(67): CodeIgniter\CodeIgniter->run()
#11 D:\Files\Program\sambirejo_ci\system\Commands\Server\rewrite.php(47): require_once('D:\\Files\\Progra...')
#12 {main}

Next CodeIgniter\Database\Exceptions\DatabaseException: A connection attempt failed because the connected party did not properly respond after a period of time, or established connection failed because connected host has failed to respond in D:\Files\Program\sambirejo_ci\system\Database\MySQLi\Connection.php:218
Stack trace:
#0 D:\Files\Program\sambirejo_ci\system\Database\BaseConnection.php(391): CodeIgniter\Database\MySQLi\Connection->connect(false)
#1 D:\Files\Program\sambirejo_ci\system\Database\BaseConnection.php(573): CodeIgniter\Database\BaseConnection->initialize()
#2 D:\Files\Program\sambirejo_ci\system\Database\BaseBuilder.php(1602): CodeIgniter\Database\BaseConnection->query('SELECT *\nFROM `...', Array, false)
#3 D:\Files\Program\sambirejo_ci\system\Model.php(267): CodeIgniter\Database\BaseBuilder->get()
#4 D:\Files\Program\sambirejo_ci\system\BaseModel.php(656): CodeIgniter\Model->doFirst()
#5 D:\Files\Program\sambirejo_ci\app\Controllers\Login.php(19): CodeIgniter\BaseModel->first()
#6 D:\Files\Program\sambirejo_ci\system\CodeIgniter.php(934): App\Controllers\Login->valid_login()
#7 D:\Files\Program\sambirejo_ci\system\CodeIgniter.php(499): CodeIgniter\CodeIgniter->runController(Object(App\Controllers\Login))
#8 D:\Files\Program\sambirejo_ci\system\CodeIgniter.php(368): CodeIgniter\CodeIgniter->handleRequest(NULL, Object(Config\Cache), false)
#9 D:\Files\Program\sambirejo_ci\public\index.php(67): CodeIgniter\CodeIgniter->run()
#10 D:\Files\Program\sambirejo_ci\system\Commands\Server\rewrite.php(47): require_once('D:\\Files\\Progra...')
#11 {main}
CRITICAL - 2023-03-09 13:28:38 --> Unable to connect to the database.
Main connection [MySQLi]: A connection attempt failed because the connected party did not properly respond after a period of time, or established connection failed because connected host has failed to respond
in SYSTEMPATH\Database\BaseConnection.php on line 427.
 1 SYSTEMPATH\Database\BaseConnection.php(573): CodeIgniter\Database\BaseConnection->initialize()
 2 SYSTEMPATH\Database\BaseBuilder.php(1602): CodeIgniter\Database\BaseConnection->query('SELECT *
FROM `admin`
WHERE `username` = :username:
 LIMIT 1', [...], false)
 3 SYSTEMPATH\Model.php(267): CodeIgniter\Database\BaseBuilder->get()
 4 SYSTEMPATH\BaseModel.php(656): CodeIgniter\Model->doFirst()
 5 APPPATH\Controllers\Login.php(19): CodeIgniter\BaseModel->first()
 6 SYSTEMPATH\CodeIgniter.php(934): App\Controllers\Login->valid_login()
 7 SYSTEMPATH\CodeIgniter.php(499): CodeIgniter\CodeIgniter->runController(Object(App\Controllers\Login))
 8 SYSTEMPATH\CodeIgniter.php(368): CodeIgniter\CodeIgniter->handleRequest(null, Object(Config\Cache), false)
 9 FCPATH\index.php(67): CodeIgniter\CodeIgniter->run()
10 SYSTEMPATH\Commands\Server\rewrite.php(47): require_once('FCPATH\\index.php')
ERROR - 2023-03-09 13:29:10 --> Error connecting to the database: mysqli_sql_exception: A connection attempt failed because the connected party did not properly respond after a period of time, or established connection failed because connected host has failed to respond in D:\Files\Program\sambirejo_ci\system\Database\MySQLi\Connection.php:174
Stack trace:
#0 D:\Files\Program\sambirejo_ci\system\Database\MySQLi\Connection.php(174): mysqli->real_connect('sql204.epizy.co...', 'epiz_33652974', 'zxNHaPKhz9d', 'epiz_33652974_d...', 3306, '', 0)
#1 D:\Files\Program\sambirejo_ci\system\Database\BaseConnection.php(391): CodeIgniter\Database\MySQLi\Connection->connect(false)
#2 D:\Files\Program\sambirejo_ci\system\Database\BaseConnection.php(573): CodeIgniter\Database\BaseConnection->initialize()
#3 D:\Files\Program\sambirejo_ci\system\Database\BaseBuilder.php(1602): CodeIgniter\Database\BaseConnection->query('SELECT *\nFROM `...', Array, false)
#4 D:\Files\Program\sambirejo_ci\system\Model.php(267): CodeIgniter\Database\BaseBuilder->get()
#5 D:\Files\Program\sambirejo_ci\system\BaseModel.php(656): CodeIgniter\Model->doFirst()
#6 D:\Files\Program\sambirejo_ci\app\Controllers\Login.php(19): CodeIgniter\BaseModel->first()
#7 D:\Files\Program\sambirejo_ci\system\CodeIgniter.php(934): App\Controllers\Login->valid_login()
#8 D:\Files\Program\sambirejo_ci\system\CodeIgniter.php(499): CodeIgniter\CodeIgniter->runController(Object(App\Controllers\Login))
#9 D:\Files\Program\sambirejo_ci\system\CodeIgniter.php(368): CodeIgniter\CodeIgniter->handleRequest(NULL, Object(Config\Cache), false)
#10 D:\Files\Program\sambirejo_ci\public\index.php(67): CodeIgniter\CodeIgniter->run()
#11 D:\Files\Program\sambirejo_ci\system\Commands\Server\rewrite.php(47): require_once('D:\\Files\\Progra...')
#12 {main}

Next CodeIgniter\Database\Exceptions\DatabaseException: A connection attempt failed because the connected party did not properly respond after a period of time, or established connection failed because connected host has failed to respond in D:\Files\Program\sambirejo_ci\system\Database\MySQLi\Connection.php:218
Stack trace:
#0 D:\Files\Program\sambirejo_ci\system\Database\BaseConnection.php(391): CodeIgniter\Database\MySQLi\Connection->connect(false)
#1 D:\Files\Program\sambirejo_ci\system\Database\BaseConnection.php(573): CodeIgniter\Database\BaseConnection->initialize()
#2 D:\Files\Program\sambirejo_ci\system\Database\BaseBuilder.php(1602): CodeIgniter\Database\BaseConnection->query('SELECT *\nFROM `...', Array, false)
#3 D:\Files\Program\sambirejo_ci\system\Model.php(267): CodeIgniter\Database\BaseBuilder->get()
#4 D:\Files\Program\sambirejo_ci\system\BaseModel.php(656): CodeIgniter\Model->doFirst()
#5 D:\Files\Program\sambirejo_ci\app\Controllers\Login.php(19): CodeIgniter\BaseModel->first()
#6 D:\Files\Program\sambirejo_ci\system\CodeIgniter.php(934): App\Controllers\Login->valid_login()
#7 D:\Files\Program\sambirejo_ci\system\CodeIgniter.php(499): CodeIgniter\CodeIgniter->runController(Object(App\Controllers\Login))
#8 D:\Files\Program\sambirejo_ci\system\CodeIgniter.php(368): CodeIgniter\CodeIgniter->handleRequest(NULL, Object(Config\Cache), false)
#9 D:\Files\Program\sambirejo_ci\public\index.php(67): CodeIgniter\CodeIgniter->run()
#10 D:\Files\Program\sambirejo_ci\system\Commands\Server\rewrite.php(47): require_once('D:\\Files\\Progra...')
#11 {main}
CRITICAL - 2023-03-09 13:29:10 --> Unable to connect to the database.
Main connection [MySQLi]: A connection attempt failed because the connected party did not properly respond after a period of time, or established connection failed because connected host has failed to respond
in SYSTEMPATH\Database\BaseConnection.php on line 427.
 1 SYSTEMPATH\Database\BaseConnection.php(573): CodeIgniter\Database\BaseConnection->initialize()
 2 SYSTEMPATH\Database\BaseBuilder.php(1602): CodeIgniter\Database\BaseConnection->query('SELECT *
FROM `admin`
WHERE `username` = :username:
 LIMIT 1', [...], false)
 3 SYSTEMPATH\Model.php(267): CodeIgniter\Database\BaseBuilder->get()
 4 SYSTEMPATH\BaseModel.php(656): CodeIgniter\Model->doFirst()
 5 APPPATH\Controllers\Login.php(19): CodeIgniter\BaseModel->first()
 6 SYSTEMPATH\CodeIgniter.php(934): App\Controllers\Login->valid_login()
 7 SYSTEMPATH\CodeIgniter.php(499): CodeIgniter\CodeIgniter->runController(Object(App\Controllers\Login))
 8 SYSTEMPATH\CodeIgniter.php(368): CodeIgniter\CodeIgniter->handleRequest(null, Object(Config\Cache), false)
 9 FCPATH\index.php(67): CodeIgniter\CodeIgniter->run()
10 SYSTEMPATH\Commands\Server\rewrite.php(47): require_once('FCPATH\\index.php')
ERROR - 2023-03-09 13:30:21 --> Error connecting to the database: mysqli_sql_exception: No connection could be made because the target machine actively refused it in D:\Files\Program\sambirejo_ci\system\Database\MySQLi\Connection.php:174
Stack trace:
#0 D:\Files\Program\sambirejo_ci\system\Database\MySQLi\Connection.php(174): mysqli->real_connect('localhost', 'root', '', 'desa_sambirejo', 3306, '', 0)
#1 D:\Files\Program\sambirejo_ci\system\Database\BaseConnection.php(391): CodeIgniter\Database\MySQLi\Connection->connect(false)
#2 D:\Files\Program\sambirejo_ci\system\Database\BaseConnection.php(573): CodeIgniter\Database\BaseConnection->initialize()
#3 D:\Files\Program\sambirejo_ci\system\Database\BaseBuilder.php(1602): CodeIgniter\Database\BaseConnection->query('SELECT *\nFROM `...', Array, false)
#4 D:\Files\Program\sambirejo_ci\system\Model.php(267): CodeIgniter\Database\BaseBuilder->get()
#5 D:\Files\Program\sambirejo_ci\system\BaseModel.php(656): CodeIgniter\Model->doFirst()
#6 D:\Files\Program\sambirejo_ci\app\Controllers\Login.php(19): CodeIgniter\BaseModel->first()
#7 D:\Files\Program\sambirejo_ci\system\CodeIgniter.php(934): App\Controllers\Login->valid_login()
#8 D:\Files\Program\sambirejo_ci\system\CodeIgniter.php(499): CodeIgniter\CodeIgniter->runController(Object(App\Controllers\Login))
#9 D:\Files\Program\sambirejo_ci\system\CodeIgniter.php(368): CodeIgniter\CodeIgniter->handleRequest(NULL, Object(Config\Cache), false)
#10 D:\Files\Program\sambirejo_ci\public\index.php(67): CodeIgniter\CodeIgniter->run()
#11 D:\Files\Program\sambirejo_ci\system\Commands\Server\rewrite.php(47): require_once('D:\\Files\\Progra...')
#12 {main}

Next CodeIgniter\Database\Exceptions\DatabaseException: No connection could be made because the target machine actively refused it in D:\Files\Program\sambirejo_ci\system\Database\MySQLi\Connection.php:218
Stack trace:
#0 D:\Files\Program\sambirejo_ci\system\Database\BaseConnection.php(391): CodeIgniter\Database\MySQLi\Connection->connect(false)
#1 D:\Files\Program\sambirejo_ci\system\Database\BaseConnection.php(573): CodeIgniter\Database\BaseConnection->initialize()
#2 D:\Files\Program\sambirejo_ci\system\Database\BaseBuilder.php(1602): CodeIgniter\Database\BaseConnection->query('SELECT *\nFROM `...', Array, false)
#3 D:\Files\Program\sambirejo_ci\system\Model.php(267): CodeIgniter\Database\BaseBuilder->get()
#4 D:\Files\Program\sambirejo_ci\system\BaseModel.php(656): CodeIgniter\Model->doFirst()
#5 D:\Files\Program\sambirejo_ci\app\Controllers\Login.php(19): CodeIgniter\BaseModel->first()
#6 D:\Files\Program\sambirejo_ci\system\CodeIgniter.php(934): App\Controllers\Login->valid_login()
#7 D:\Files\Program\sambirejo_ci\system\CodeIgniter.php(499): CodeIgniter\CodeIgniter->runController(Object(App\Controllers\Login))
#8 D:\Files\Program\sambirejo_ci\system\CodeIgniter.php(368): CodeIgniter\CodeIgniter->handleRequest(NULL, Object(Config\Cache), false)
#9 D:\Files\Program\sambirejo_ci\public\index.php(67): CodeIgniter\CodeIgniter->run()
#10 D:\Files\Program\sambirejo_ci\system\Commands\Server\rewrite.php(47): require_once('D:\\Files\\Progra...')
#11 {main}
CRITICAL - 2023-03-09 13:30:21 --> Unable to connect to the database.
Main connection [MySQLi]: No connection could be made because the target machine actively refused it
in SYSTEMPATH\Database\BaseConnection.php on line 427.
 1 SYSTEMPATH\Database\BaseConnection.php(573): CodeIgniter\Database\BaseConnection->initialize()
 2 SYSTEMPATH\Database\BaseBuilder.php(1602): CodeIgniter\Database\BaseConnection->query('SELECT *
FROM `admin`
WHERE `username` = :username:
 LIMIT 1', [...], false)
 3 SYSTEMPATH\Model.php(267): CodeIgniter\Database\BaseBuilder->get()
 4 SYSTEMPATH\BaseModel.php(656): CodeIgniter\Model->doFirst()
 5 APPPATH\Controllers\Login.php(19): CodeIgniter\BaseModel->first()
 6 SYSTEMPATH\CodeIgniter.php(934): App\Controllers\Login->valid_login()
 7 SYSTEMPATH\CodeIgniter.php(499): CodeIgniter\CodeIgniter->runController(Object(App\Controllers\Login))
 8 SYSTEMPATH\CodeIgniter.php(368): CodeIgniter\CodeIgniter->handleRequest(null, Object(Config\Cache), false)
 9 FCPATH\index.php(67): CodeIgniter\CodeIgniter->run()
10 SYSTEMPATH\Commands\Server\rewrite.php(47): require_once('FCPATH\\index.php')
INFO - 2023-03-09 13:30:24 --> Session: Class initialized using 'CodeIgniter\Session\Handlers\FileHandler' driver.
INFO - 2023-03-09 13:30:38 --> Session: Class initialized using 'CodeIgniter\Session\Handlers\FileHandler' driver.
INFO - 2023-03-09 13:30:39 --> Session: Class initialized using 'CodeIgniter\Session\Handlers\FileHandler' driver.
INFO - 2023-03-09 13:30:44 --> Session: Class initialized using 'CodeIgniter\Session\Handlers\FileHandler' driver.
INFO - 2023-03-09 13:30:44 --> Session: Class initialized using 'CodeIgniter\Session\Handlers\FileHandler' driver.
CRITICAL - 2023-03-09 14:08:50 --> Undefined variable $icon
in APPPATH\Views\user\profile.php on line 10.
 1 APPPATH\Views\user\profile.php(10): CodeIgniter\Debug\Exceptions->errorHandler(2, 'Undefined variable $icon', 'APPPATH\\Views\\user\\profile.php', 10)
 2 SYSTEMPATH\View\View.php(213): include('APPPATH\\Views\\user\\profile.php')
 3 SYSTEMPATH\View\View.php(216): CodeIgniter\View\View->CodeIgniter\View\{closure}()
 4 SYSTEMPATH\Common.php(1177): CodeIgniter\View\View->render('user/profile', [], true)
 5 APPPATH\Views\template\user.php(12): view('user/profile', [])
 6 SYSTEMPATH\View\View.php(213): include('APPPATH\\Views\\template\\user.php')
 7 SYSTEMPATH\View\View.php(216): CodeIgniter\View\View->CodeIgniter\View\{closure}()
 8 SYSTEMPATH\Common.php(1177): CodeIgniter\View\View->render('template/user', [], true)
 9 APPPATH\Controllers\BaseController.php(65): view('template/user', [...])
10 APPPATH\Controllers\Home.php(45): App\Controllers\BaseController->user_template([...], [])
11 SYSTEMPATH\CodeIgniter.php(934): App\Controllers\Home->profile()
12 SYSTEMPATH\CodeIgniter.php(499): CodeIgniter\CodeIgniter->runController(Object(App\Controllers\Home))
13 SYSTEMPATH\CodeIgniter.php(368): CodeIgniter\CodeIgniter->handleRequest(null, Object(Config\Cache), false)
14 FCPATH\index.php(67): CodeIgniter\CodeIgniter->run()
15 SYSTEMPATH\Commands\Server\rewrite.php(47): require_once('FCPATH\\index.php')
CRITICAL - 2023-03-09 14:08:52 --> Undefined variable $icon
in APPPATH\Views\user\profile.php on line 10.
 1 APPPATH\Views\user\profile.php(10): CodeIgniter\Debug\Exceptions->errorHandler(2, 'Undefined variable $icon', 'APPPATH\\Views\\user\\profile.php', 10)
 2 SYSTEMPATH\View\View.php(213): include('APPPATH\\Views\\user\\profile.php')
 3 SYSTEMPATH\View\View.php(216): CodeIgniter\View\View->CodeIgniter\View\{closure}()
 4 SYSTEMPATH\Common.php(1177): CodeIgniter\View\View->render('user/profile', [], true)
 5 APPPATH\Views\template\user.php(12): view('user/profile', [])
 6 SYSTEMPATH\View\View.php(213): include('APPPATH\\Views\\template\\user.php')
 7 SYSTEMPATH\View\View.php(216): CodeIgniter\View\View->CodeIgniter\View\{closure}()
 8 SYSTEMPATH\Common.php(1177): CodeIgniter\View\View->render('template/user', [], true)
 9 APPPATH\Controllers\BaseController.php(65): view('template/user', [...])
10 APPPATH\Controllers\Home.php(45): App\Controllers\BaseController->user_template([...], [])
11 SYSTEMPATH\CodeIgniter.php(934): App\Controllers\Home->profile()
12 SYSTEMPATH\CodeIgniter.php(499): CodeIgniter\CodeIgniter->runController(Object(App\Controllers\Home))
13 SYSTEMPATH\CodeIgniter.php(368): CodeIgniter\CodeIgniter->handleRequest(null, Object(Config\Cache), false)
14 FCPATH\index.php(67): CodeIgniter\CodeIgniter->run()
15 SYSTEMPATH\Commands\Server\rewrite.php(47): require_once('FCPATH\\index.php')
CRITICAL - 2023-03-09 14:09:37 --> Undefined variable $icon
in APPPATH\Views\user\profile.php on line 10.
 1 APPPATH\Views\user\profile.php(10): CodeIgniter\Debug\Exceptions->errorHandler(2, 'Undefined variable $icon', 'APPPATH\\Views\\user\\profile.php', 10)
 2 SYSTEMPATH\View\View.php(213): include('APPPATH\\Views\\user\\profile.php')
 3 SYSTEMPATH\View\View.php(216): CodeIgniter\View\View->CodeIgniter\View\{closure}()
 4 SYSTEMPATH\Common.php(1177): CodeIgniter\View\View->render('user/profile', [], true)
 5 APPPATH\Views\template\user.php(12): view('user/profile', [])
 6 SYSTEMPATH\View\View.php(213): include('APPPATH\\Views\\template\\user.php')
 7 SYSTEMPATH\View\View.php(216): CodeIgniter\View\View->CodeIgniter\View\{closure}()
 8 SYSTEMPATH\Common.php(1177): CodeIgniter\View\View->render('template/user', [], true)
 9 APPPATH\Controllers\BaseController.php(65): view('template/user', [...])
10 APPPATH\Controllers\Home.php(45): App\Controllers\BaseController->user_template([...], [])
11 SYSTEMPATH\CodeIgniter.php(934): App\Controllers\Home->profile()
12 SYSTEMPATH\CodeIgniter.php(499): CodeIgniter\CodeIgniter->runController(Object(App\Controllers\Home))
13 SYSTEMPATH\CodeIgniter.php(368): CodeIgniter\CodeIgniter->handleRequest(null, Object(Config\Cache), false)
14 FCPATH\index.php(67): CodeIgniter\CodeIgniter->run()
15 SYSTEMPATH\Commands\Server\rewrite.php(47): require_once('FCPATH\\index.php')
CRITICAL - 2023-03-09 14:09:38 --> Undefined variable $icon
in APPPATH\Views\user\profile.php on line 10.
 1 APPPATH\Views\user\profile.php(10): CodeIgniter\Debug\Exceptions->errorHandler(2, 'Undefined variable $icon', 'APPPATH\\Views\\user\\profile.php', 10)
 2 SYSTEMPATH\View\View.php(213): include('APPPATH\\Views\\user\\profile.php')
 3 SYSTEMPATH\View\View.php(216): CodeIgniter\View\View->CodeIgniter\View\{closure}()
 4 SYSTEMPATH\Common.php(1177): CodeIgniter\View\View->render('user/profile', [], true)
 5 APPPATH\Views\template\user.php(12): view('user/profile', [])
 6 SYSTEMPATH\View\View.php(213): include('APPPATH\\Views\\template\\user.php')
 7 SYSTEMPATH\View\View.php(216): CodeIgniter\View\View->CodeIgniter\View\{closure}()
 8 SYSTEMPATH\Common.php(1177): CodeIgniter\View\View->render('template/user', [], true)
 9 APPPATH\Controllers\BaseController.php(65): view('template/user', [...])
10 APPPATH\Controllers\Home.php(45): App\Controllers\BaseController->user_template([...], [])
11 SYSTEMPATH\CodeIgniter.php(934): App\Controllers\Home->profile()
12 SYSTEMPATH\CodeIgniter.php(499): CodeIgniter\CodeIgniter->runController(Object(App\Controllers\Home))
13 SYSTEMPATH\CodeIgniter.php(368): CodeIgniter\CodeIgniter->handleRequest(null, Object(Config\Cache), false)
14 FCPATH\index.php(67): CodeIgniter\CodeIgniter->run()
15 SYSTEMPATH\Commands\Server\rewrite.php(47): require_once('FCPATH\\index.php')
