ERROR - 2023-04-10 00:05:31 --> Error connecting to the database: mysqli_sql_exception: No connection could be made because the target machine actively refused it in D:\Files\Program\sambirejo_ci\system\Database\MySQLi\Connection.php:174
Stack trace:
#0 D:\Files\Program\sambirejo_ci\system\Database\MySQLi\Connection.php(174): mysqli->real_connect('localhost', 'root', '', 'desa_sambirejo', 3306, '', 0)
#1 D:\Files\Program\sambirejo_ci\system\Database\BaseConnection.php(391): CodeIgniter\Database\MySQLi\Connection->connect(false)
#2 D:\Files\Program\sambirejo_ci\system\Database\BaseConnection.php(573): CodeIgniter\Database\BaseConnection->initialize()
#3 D:\Files\Program\sambirejo_ci\system\Database\BaseBuilder.php(2295): CodeIgniter\Database\BaseConnection->query('INSERT INTO `pe...', Array, false)
#4 D:\Files\Program\sambirejo_ci\system\Model.php(329): CodeIgniter\Database\BaseBuilder->insert()
#5 D:\Files\Program\sambirejo_ci\system\BaseModel.php(782): CodeIgniter\Model->doInsert(Array)
#6 D:\Files\Program\sambirejo_ci\system\Model.php(729): CodeIgniter\BaseModel->insert(Array, false)
#7 D:\Files\Program\sambirejo_ci\system\BaseModel.php(692): CodeIgniter\Model->insert(Array, false)
#8 D:\Files\Program\sambirejo_ci\app\Controllers\Paket.php(27): CodeIgniter\BaseModel->save(Array)
#9 D:\Files\Program\sambirejo_ci\system\CodeIgniter.php(934): App\Controllers\Paket->save()
#10 D:\Files\Program\sambirejo_ci\system\CodeIgniter.php(499): CodeIgniter\CodeIgniter->runController(Object(App\Controllers\Paket))
#11 D:\Files\Program\sambirejo_ci\system\CodeIgniter.php(368): CodeIgniter\CodeIgniter->handleRequest(NULL, Object(Config\Cache), false)
#12 D:\Files\Program\sambirejo_ci\public\index.php(67): CodeIgniter\CodeIgniter->run()
#13 D:\Files\Program\sambirejo_ci\system\Commands\Server\rewrite.php(47): require_once('D:\\Files\\Progra...')
#14 {main}

Next CodeIgniter\Database\Exceptions\DatabaseException: No connection could be made because the target machine actively refused it in D:\Files\Program\sambirejo_ci\system\Database\MySQLi\Connection.php:218
Stack trace:
#0 D:\Files\Program\sambirejo_ci\system\Database\BaseConnection.php(391): CodeIgniter\Database\MySQLi\Connection->connect(false)
#1 D:\Files\Program\sambirejo_ci\system\Database\BaseConnection.php(573): CodeIgniter\Database\BaseConnection->initialize()
#2 D:\Files\Program\sambirejo_ci\system\Database\BaseBuilder.php(2295): CodeIgniter\Database\BaseConnection->query('INSERT INTO `pe...', Array, false)
#3 D:\Files\Program\sambirejo_ci\system\Model.php(329): CodeIgniter\Database\BaseBuilder->insert()
#4 D:\Files\Program\sambirejo_ci\system\BaseModel.php(782): CodeIgniter\Model->doInsert(Array)
#5 D:\Files\Program\sambirejo_ci\system\Model.php(729): CodeIgniter\BaseModel->insert(Array, false)
#6 D:\Files\Program\sambirejo_ci\system\BaseModel.php(692): CodeIgniter\Model->insert(Array, false)
#7 D:\Files\Program\sambirejo_ci\app\Controllers\Paket.php(27): CodeIgniter\BaseModel->save(Array)
#8 D:\Files\Program\sambirejo_ci\system\CodeIgniter.php(934): App\Controllers\Paket->save()
#9 D:\Files\Program\sambirejo_ci\system\CodeIgniter.php(499): CodeIgniter\CodeIgniter->runController(Object(App\Controllers\Paket))
#10 D:\Files\Program\sambirejo_ci\system\CodeIgniter.php(368): CodeIgniter\CodeIgniter->handleRequest(NULL, Object(Config\Cache), false)
#11 D:\Files\Program\sambirejo_ci\public\index.php(67): CodeIgniter\CodeIgniter->run()
#12 D:\Files\Program\sambirejo_ci\system\Commands\Server\rewrite.php(47): require_once('D:\\Files\\Progra...')
#13 {main}
CRITICAL - 2023-04-10 00:05:31 --> Unable to connect to the database.
Main connection [MySQLi]: No connection could be made because the target machine actively refused it
in SYSTEMPATH\Database\BaseConnection.php on line 427.
 1 SYSTEMPATH\Database\BaseConnection.php(573): CodeIgniter\Database\BaseConnection->initialize()
 2 SYSTEMPATH\Database\BaseBuilder.php(2295): CodeIgniter\Database\BaseConnection->query('INSERT INTO `pesanan` (`kode`, `nama`, `no_hp`, `email`, `tiket`, `paket`) VALUES (:kode:, :nama:, :no_hp:, :email:, :tiket:, :paket:)', [...], false)
 3 SYSTEMPATH\Model.php(329): CodeIgniter\Database\BaseBuilder->insert()
 4 SYSTEMPATH\BaseModel.php(782): CodeIgniter\Model->doInsert([...])
 5 SYSTEMPATH\Model.php(729): CodeIgniter\BaseModel->insert([...], false)
 6 SYSTEMPATH\BaseModel.php(692): CodeIgniter\Model->insert([...], false)
 7 APPPATH\Controllers\Paket.php(27): CodeIgniter\BaseModel->save([...])
 8 SYSTEMPATH\CodeIgniter.php(934): App\Controllers\Paket->save()
 9 SYSTEMPATH\CodeIgniter.php(499): CodeIgniter\CodeIgniter->runController(Object(App\Controllers\Paket))
10 SYSTEMPATH\CodeIgniter.php(368): CodeIgniter\CodeIgniter->handleRequest(null, Object(Config\Cache), false)
11 FCPATH\index.php(67): CodeIgniter\CodeIgniter->run()
12 SYSTEMPATH\Commands\Server\rewrite.php(47): require_once('FCPATH\\index.php')
ERROR - 2023-04-10 00:06:42 --> Error connecting to the database: mysqli_sql_exception: No connection could be made because the target machine actively refused it in D:\Files\Program\sambirejo_ci\system\Database\MySQLi\Connection.php:174
Stack trace:
#0 D:\Files\Program\sambirejo_ci\system\Database\MySQLi\Connection.php(174): mysqli->real_connect('localhost', 'root', '', 'desa_sambirejo', 3306, '', 0)
#1 D:\Files\Program\sambirejo_ci\system\Database\BaseConnection.php(391): CodeIgniter\Database\MySQLi\Connection->connect(false)
#2 D:\Files\Program\sambirejo_ci\system\Database\BaseConnection.php(573): CodeIgniter\Database\BaseConnection->initialize()
#3 D:\Files\Program\sambirejo_ci\system\Database\BaseBuilder.php(2295): CodeIgniter\Database\BaseConnection->query('INSERT INTO `pe...', Array, false)
#4 D:\Files\Program\sambirejo_ci\system\Model.php(329): CodeIgniter\Database\BaseBuilder->insert()
#5 D:\Files\Program\sambirejo_ci\system\BaseModel.php(782): CodeIgniter\Model->doInsert(Array)
#6 D:\Files\Program\sambirejo_ci\system\Model.php(729): CodeIgniter\BaseModel->insert(Array, false)
#7 D:\Files\Program\sambirejo_ci\system\BaseModel.php(692): CodeIgniter\Model->insert(Array, false)
#8 D:\Files\Program\sambirejo_ci\app\Controllers\Paket.php(27): CodeIgniter\BaseModel->save(Array)
#9 D:\Files\Program\sambirejo_ci\system\CodeIgniter.php(934): App\Controllers\Paket->save()
#10 D:\Files\Program\sambirejo_ci\system\CodeIgniter.php(499): CodeIgniter\CodeIgniter->runController(Object(App\Controllers\Paket))
#11 D:\Files\Program\sambirejo_ci\system\CodeIgniter.php(368): CodeIgniter\CodeIgniter->handleRequest(NULL, Object(Config\Cache), false)
#12 D:\Files\Program\sambirejo_ci\public\index.php(67): CodeIgniter\CodeIgniter->run()
#13 D:\Files\Program\sambirejo_ci\system\Commands\Server\rewrite.php(47): require_once('D:\\Files\\Progra...')
#14 {main}

Next CodeIgniter\Database\Exceptions\DatabaseException: No connection could be made because the target machine actively refused it in D:\Files\Program\sambirejo_ci\system\Database\MySQLi\Connection.php:218
Stack trace:
#0 D:\Files\Program\sambirejo_ci\system\Database\BaseConnection.php(391): CodeIgniter\Database\MySQLi\Connection->connect(false)
#1 D:\Files\Program\sambirejo_ci\system\Database\BaseConnection.php(573): CodeIgniter\Database\BaseConnection->initialize()
#2 D:\Files\Program\sambirejo_ci\system\Database\BaseBuilder.php(2295): CodeIgniter\Database\BaseConnection->query('INSERT INTO `pe...', Array, false)
#3 D:\Files\Program\sambirejo_ci\system\Model.php(329): CodeIgniter\Database\BaseBuilder->insert()
#4 D:\Files\Program\sambirejo_ci\system\BaseModel.php(782): CodeIgniter\Model->doInsert(Array)
#5 D:\Files\Program\sambirejo_ci\system\Model.php(729): CodeIgniter\BaseModel->insert(Array, false)
#6 D:\Files\Program\sambirejo_ci\system\BaseModel.php(692): CodeIgniter\Model->insert(Array, false)
#7 D:\Files\Program\sambirejo_ci\app\Controllers\Paket.php(27): CodeIgniter\BaseModel->save(Array)
#8 D:\Files\Program\sambirejo_ci\system\CodeIgniter.php(934): App\Controllers\Paket->save()
#9 D:\Files\Program\sambirejo_ci\system\CodeIgniter.php(499): CodeIgniter\CodeIgniter->runController(Object(App\Controllers\Paket))
#10 D:\Files\Program\sambirejo_ci\system\CodeIgniter.php(368): CodeIgniter\CodeIgniter->handleRequest(NULL, Object(Config\Cache), false)
#11 D:\Files\Program\sambirejo_ci\public\index.php(67): CodeIgniter\CodeIgniter->run()
#12 D:\Files\Program\sambirejo_ci\system\Commands\Server\rewrite.php(47): require_once('D:\\Files\\Progra...')
#13 {main}
CRITICAL - 2023-04-10 00:06:42 --> Unable to connect to the database.
Main connection [MySQLi]: No connection could be made because the target machine actively refused it
in SYSTEMPATH\Database\BaseConnection.php on line 427.
 1 SYSTEMPATH\Database\BaseConnection.php(573): CodeIgniter\Database\BaseConnection->initialize()
 2 SYSTEMPATH\Database\BaseBuilder.php(2295): CodeIgniter\Database\BaseConnection->query('INSERT INTO `pesanan` (`kode`, `nama`, `no_hp`, `email`, `tiket`, `paket`) VALUES (:kode:, :nama:, :no_hp:, :email:, :tiket:, :paket:)', [...], false)
 3 SYSTEMPATH\Model.php(329): CodeIgniter\Database\BaseBuilder->insert()
 4 SYSTEMPATH\BaseModel.php(782): CodeIgniter\Model->doInsert([...])
 5 SYSTEMPATH\Model.php(729): CodeIgniter\BaseModel->insert([...], false)
 6 SYSTEMPATH\BaseModel.php(692): CodeIgniter\Model->insert([...], false)
 7 APPPATH\Controllers\Paket.php(27): CodeIgniter\BaseModel->save([...])
 8 SYSTEMPATH\CodeIgniter.php(934): App\Controllers\Paket->save()
 9 SYSTEMPATH\CodeIgniter.php(499): CodeIgniter\CodeIgniter->runController(Object(App\Controllers\Paket))
10 SYSTEMPATH\CodeIgniter.php(368): CodeIgniter\CodeIgniter->handleRequest(null, Object(Config\Cache), false)
11 FCPATH\index.php(67): CodeIgniter\CodeIgniter->run()
12 SYSTEMPATH\Commands\Server\rewrite.php(47): require_once('FCPATH\\index.php')
INFO - 2023-04-10 00:07:48 --> Session: Class initialized using 'CodeIgniter\Session\Handlers\FileHandler' driver.
INFO - 2023-04-10 00:07:48 --> Session: Class initialized using 'CodeIgniter\Session\Handlers\FileHandler' driver.
INFO - 2023-04-10 00:07:56 --> Session: Class initialized using 'CodeIgniter\Session\Handlers\FileHandler' driver.
INFO - 2023-04-10 00:07:56 --> Session: Class initialized using 'CodeIgniter\Session\Handlers\FileHandler' driver.
INFO - 2023-04-10 05:43:32 --> Session: Class initialized using 'CodeIgniter\Session\Handlers\FileHandler' driver.
INFO - 2023-04-10 05:43:33 --> Session: Class initialized using 'CodeIgniter\Session\Handlers\FileHandler' driver.
INFO - 2023-04-10 05:43:54 --> Session: Class initialized using 'CodeIgniter\Session\Handlers\FileHandler' driver.
INFO - 2023-04-10 05:43:54 --> Session: Class initialized using 'CodeIgniter\Session\Handlers\FileHandler' driver.
INFO - 2023-04-10 05:44:17 --> Session: Class initialized using 'CodeIgniter\Session\Handlers\FileHandler' driver.
INFO - 2023-04-10 05:44:20 --> Session: Class initialized using 'CodeIgniter\Session\Handlers\FileHandler' driver.
INFO - 2023-04-10 05:44:26 --> Session: Class initialized using 'CodeIgniter\Session\Handlers\FileHandler' driver.
INFO - 2023-04-10 05:44:28 --> Session: Class initialized using 'CodeIgniter\Session\Handlers\FileHandler' driver.
INFO - 2023-04-10 05:44:29 --> Session: Class initialized using 'CodeIgniter\Session\Handlers\FileHandler' driver.
INFO - 2023-04-10 05:44:31 --> Session: Class initialized using 'CodeIgniter\Session\Handlers\FileHandler' driver.
INFO - 2023-04-10 05:44:44 --> Session: Class initialized using 'CodeIgniter\Session\Handlers\FileHandler' driver.
INFO - 2023-04-10 05:44:45 --> Session: Class initialized using 'CodeIgniter\Session\Handlers\FileHandler' driver.
INFO - 2023-04-10 05:45:09 --> Session: Class initialized using 'CodeIgniter\Session\Handlers\FileHandler' driver.
INFO - 2023-04-10 05:45:14 --> Session: Class initialized using 'CodeIgniter\Session\Handlers\FileHandler' driver.
INFO - 2023-04-10 05:45:18 --> Session: Class initialized using 'CodeIgniter\Session\Handlers\FileHandler' driver.
INFO - 2023-04-10 05:45:21 --> Session: Class initialized using 'CodeIgniter\Session\Handlers\FileHandler' driver.
INFO - 2023-04-10 05:45:22 --> Session: Class initialized using 'CodeIgniter\Session\Handlers\FileHandler' driver.
INFO - 2023-04-10 05:45:23 --> Session: Class initialized using 'CodeIgniter\Session\Handlers\FileHandler' driver.
INFO - 2023-04-10 05:45:24 --> Session: Class initialized using 'CodeIgniter\Session\Handlers\FileHandler' driver.
INFO - 2023-04-10 05:45:24 --> Session: Class initialized using 'CodeIgniter\Session\Handlers\FileHandler' driver.
INFO - 2023-04-10 05:45:25 --> Session: Class initialized using 'CodeIgniter\Session\Handlers\FileHandler' driver.
INFO - 2023-04-10 05:45:27 --> Session: Class initialized using 'CodeIgniter\Session\Handlers\FileHandler' driver.
INFO - 2023-04-10 05:45:28 --> Session: Class initialized using 'CodeIgniter\Session\Handlers\FileHandler' driver.
INFO - 2023-04-10 05:45:28 --> Session: Class initialized using 'CodeIgniter\Session\Handlers\FileHandler' driver.
CRITICAL - 2023-04-10 16:31:04 --> The framework needs the following extension(s) installed and loaded: intl.
in SYSTEMPATH\CodeIgniter.php on line 226.
 1 SYSTEMPATH\CodeIgniter.php(226): CodeIgniter\Exceptions\FrameworkException::forMissingExtension('intl')
 2 SYSTEMPATH\CodeIgniter.php(190): CodeIgniter\CodeIgniter->resolvePlatformExtensions()
 3 ROOTPATH\spark(83): CodeIgniter\CodeIgniter->initialize()
ERROR - 2023-04-10 14:39:25 --> Error connecting to the database: mysqli_sql_exception: Unknown database 'desa_sambirejo' in G:\Files\Program\sambirejo_ci\system\Database\MySQLi\Connection.php:173
Stack trace:
#0 G:\Files\Program\sambirejo_ci\system\Database\MySQLi\Connection.php(173): mysqli->real_connect('localhost', 'root', Object(SensitiveParameterValue), 'desa_sambirejo', 3306, '', 0)
#1 G:\Files\Program\sambirejo_ci\system\Database\BaseConnection.php(391): CodeIgniter\Database\MySQLi\Connection->connect(false)
#2 G:\Files\Program\sambirejo_ci\system\Database\BaseConnection.php(573): CodeIgniter\Database\BaseConnection->initialize()
#3 G:\Files\Program\sambirejo_ci\system\Database\BaseBuilder.php(2295): CodeIgniter\Database\BaseConnection->query('INSERT INTO `pe...', Array, false)
#4 G:\Files\Program\sambirejo_ci\system\Model.php(329): CodeIgniter\Database\BaseBuilder->insert()
#5 G:\Files\Program\sambirejo_ci\system\BaseModel.php(782): CodeIgniter\Model->doInsert(Array)
#6 G:\Files\Program\sambirejo_ci\system\Model.php(729): CodeIgniter\BaseModel->insert(Array, false)
#7 G:\Files\Program\sambirejo_ci\system\BaseModel.php(692): CodeIgniter\Model->insert(Array, false)
#8 G:\Files\Program\sambirejo_ci\app\Controllers\Paket.php(21): CodeIgniter\BaseModel->save(Array)
#9 G:\Files\Program\sambirejo_ci\system\CodeIgniter.php(934): App\Controllers\Paket->save()
#10 G:\Files\Program\sambirejo_ci\system\CodeIgniter.php(499): CodeIgniter\CodeIgniter->runController(Object(App\Controllers\Paket))
#11 G:\Files\Program\sambirejo_ci\system\CodeIgniter.php(368): CodeIgniter\CodeIgniter->handleRequest(NULL, Object(Config\Cache), false)
#12 G:\Files\Program\sambirejo_ci\public\index.php(67): CodeIgniter\CodeIgniter->run()
#13 G:\Files\Program\sambirejo_ci\system\Commands\Server\rewrite.php(47): require_once('G:\\Files\\Progra...')
#14 {main}

Next CodeIgniter\Database\Exceptions\DatabaseException: Unknown database 'desa_sambirejo' in G:\Files\Program\sambirejo_ci\system\Database\MySQLi\Connection.php:218
Stack trace:
#0 G:\Files\Program\sambirejo_ci\system\Database\BaseConnection.php(391): CodeIgniter\Database\MySQLi\Connection->connect(false)
#1 G:\Files\Program\sambirejo_ci\system\Database\BaseConnection.php(573): CodeIgniter\Database\BaseConnection->initialize()
#2 G:\Files\Program\sambirejo_ci\system\Database\BaseBuilder.php(2295): CodeIgniter\Database\BaseConnection->query('INSERT INTO `pe...', Array, false)
#3 G:\Files\Program\sambirejo_ci\system\Model.php(329): CodeIgniter\Database\BaseBuilder->insert()
#4 G:\Files\Program\sambirejo_ci\system\BaseModel.php(782): CodeIgniter\Model->doInsert(Array)
#5 G:\Files\Program\sambirejo_ci\system\Model.php(729): CodeIgniter\BaseModel->insert(Array, false)
#6 G:\Files\Program\sambirejo_ci\system\BaseModel.php(692): CodeIgniter\Model->insert(Array, false)
#7 G:\Files\Program\sambirejo_ci\app\Controllers\Paket.php(21): CodeIgniter\BaseModel->save(Array)
#8 G:\Files\Program\sambirejo_ci\system\CodeIgniter.php(934): App\Controllers\Paket->save()
#9 G:\Files\Program\sambirejo_ci\system\CodeIgniter.php(499): CodeIgniter\CodeIgniter->runController(Object(App\Controllers\Paket))
#10 G:\Files\Program\sambirejo_ci\system\CodeIgniter.php(368): CodeIgniter\CodeIgniter->handleRequest(NULL, Object(Config\Cache), false)
#11 G:\Files\Program\sambirejo_ci\public\index.php(67): CodeIgniter\CodeIgniter->run()
#12 G:\Files\Program\sambirejo_ci\system\Commands\Server\rewrite.php(47): require_once('G:\\Files\\Progra...')
#13 {main}
CRITICAL - 2023-04-10 14:39:25 --> Unable to connect to the database.
Main connection [MySQLi]: Unknown database 'desa_sambirejo'
in SYSTEMPATH\Database\BaseConnection.php on line 427.
 1 SYSTEMPATH\Database\BaseConnection.php(573): CodeIgniter\Database\BaseConnection->initialize()
 2 SYSTEMPATH\Database\BaseBuilder.php(2295): CodeIgniter\Database\BaseConnection->query('INSERT INTO `pesanan` (`kode`, `nama`, `no_hp`, `email`, `tiket`, `paket`) VALUES (:kode:, :nama:, :no_hp:, :email:, :tiket:, :paket:)', [...], false)
 3 SYSTEMPATH\Model.php(329): CodeIgniter\Database\BaseBuilder->insert()
 4 SYSTEMPATH\BaseModel.php(782): CodeIgniter\Model->doInsert([...])
 5 SYSTEMPATH\Model.php(729): CodeIgniter\BaseModel->insert([...], false)
 6 SYSTEMPATH\BaseModel.php(692): CodeIgniter\Model->insert([...], false)
 7 APPPATH\Controllers\Paket.php(21): CodeIgniter\BaseModel->save([...])
 8 SYSTEMPATH\CodeIgniter.php(934): App\Controllers\Paket->save()
 9 SYSTEMPATH\CodeIgniter.php(499): CodeIgniter\CodeIgniter->runController(Object(App\Controllers\Paket))
10 SYSTEMPATH\CodeIgniter.php(368): CodeIgniter\CodeIgniter->handleRequest(null, Object(Config\Cache), false)
11 FCPATH\index.php(67): CodeIgniter\CodeIgniter->run()
12 SYSTEMPATH\Commands\Server\rewrite.php(47): require_once('FCPATH\\index.php')
INFO - 2023-04-10 14:56:05 --> Session: Class initialized using 'CodeIgniter\Session\Handlers\FileHandler' driver.
INFO - 2023-04-10 14:56:05 --> Session: Class initialized using 'CodeIgniter\Session\Handlers\FileHandler' driver.
INFO - 2023-04-10 14:56:09 --> Session: Class initialized using 'CodeIgniter\Session\Handlers\FileHandler' driver.
INFO - 2023-04-10 14:56:09 --> Session: Class initialized using 'CodeIgniter\Session\Handlers\FileHandler' driver.
INFO - 2023-04-10 14:56:32 --> Session: Class initialized using 'CodeIgniter\Session\Handlers\FileHandler' driver.
INFO - 2023-04-10 14:56:36 --> Session: Class initialized using 'CodeIgniter\Session\Handlers\FileHandler' driver.
INFO - 2023-04-10 14:56:37 --> Session: Class initialized using 'CodeIgniter\Session\Handlers\FileHandler' driver.
INFO - 2023-04-10 14:56:37 --> Session: Class initialized using 'CodeIgniter\Session\Handlers\FileHandler' driver.
INFO - 2023-04-10 14:56:38 --> Session: Class initialized using 'CodeIgniter\Session\Handlers\FileHandler' driver.
INFO - 2023-04-10 14:56:38 --> Session: Class initialized using 'CodeIgniter\Session\Handlers\FileHandler' driver.
INFO - 2023-04-10 14:56:39 --> Session: Class initialized using 'CodeIgniter\Session\Handlers\FileHandler' driver.
INFO - 2023-04-10 14:56:39 --> Session: Class initialized using 'CodeIgniter\Session\Handlers\FileHandler' driver.
ERROR - 2023-04-10 15:03:12 --> mysqli_sql_exception: Column 'kode' cannot be null in G:\Files\Program\sambirejo_ci\system\Database\MySQLi\Connection.php:295
Stack trace:
#0 G:\Files\Program\sambirejo_ci\system\Database\MySQLi\Connection.php(295): mysqli->query('INSERT INTO `pe...', 0)
#1 G:\Files\Program\sambirejo_ci\system\Database\BaseConnection.php(691): CodeIgniter\Database\MySQLi\Connection->execute('INSERT INTO `pe...')
#2 G:\Files\Program\sambirejo_ci\system\Database\BaseConnection.php(605): CodeIgniter\Database\BaseConnection->simpleQuery('INSERT INTO `pe...')
#3 G:\Files\Program\sambirejo_ci\system\Database\BaseBuilder.php(2295): CodeIgniter\Database\BaseConnection->query('INSERT INTO `pe...', Array, false)
#4 G:\Files\Program\sambirejo_ci\system\Model.php(329): CodeIgniter\Database\BaseBuilder->insert()
#5 G:\Files\Program\sambirejo_ci\system\BaseModel.php(782): CodeIgniter\Model->doInsert(Array)
#6 G:\Files\Program\sambirejo_ci\system\Model.php(729): CodeIgniter\BaseModel->insert(Array, false)
#7 G:\Files\Program\sambirejo_ci\system\BaseModel.php(692): CodeIgniter\Model->insert(Array, false)
#8 G:\Files\Program\sambirejo_ci\app\Controllers\Paket.php(21): CodeIgniter\BaseModel->save(Array)
#9 G:\Files\Program\sambirejo_ci\system\CodeIgniter.php(934): App\Controllers\Paket->save()
#10 G:\Files\Program\sambirejo_ci\system\CodeIgniter.php(499): CodeIgniter\CodeIgniter->runController(Object(App\Controllers\Paket))
#11 G:\Files\Program\sambirejo_ci\system\CodeIgniter.php(368): CodeIgniter\CodeIgniter->handleRequest(NULL, Object(Config\Cache), false)
#12 G:\Files\Program\sambirejo_ci\public\index.php(67): CodeIgniter\CodeIgniter->run()
#13 G:\Files\Program\sambirejo_ci\system\Commands\Server\rewrite.php(47): require_once('G:\\Files\\Progra...')
#14 {main}
CRITICAL - 2023-04-10 15:03:12 --> Column 'kode' cannot be null
in SYSTEMPATH\Database\BaseConnection.php on line 645.
 1 SYSTEMPATH\Database\BaseBuilder.php(2295): CodeIgniter\Database\BaseConnection->query('INSERT INTO `pesanan` (`kode`, `nama`, `no_hp`, `email`, `tiket`, `paket`) VALUES (:kode:, :nama:, :no_hp:, :email:, :tiket:, :paket:)', [...], false)
 2 SYSTEMPATH\Model.php(329): CodeIgniter\Database\BaseBuilder->insert()
 3 SYSTEMPATH\BaseModel.php(782): CodeIgniter\Model->doInsert([...])
 4 SYSTEMPATH\Model.php(729): CodeIgniter\BaseModel->insert([...], false)
 5 SYSTEMPATH\BaseModel.php(692): CodeIgniter\Model->insert([...], false)
 6 APPPATH\Controllers\Paket.php(21): CodeIgniter\BaseModel->save([...])
 7 SYSTEMPATH\CodeIgniter.php(934): App\Controllers\Paket->save()
 8 SYSTEMPATH\CodeIgniter.php(499): CodeIgniter\CodeIgniter->runController(Object(App\Controllers\Paket))
 9 SYSTEMPATH\CodeIgniter.php(368): CodeIgniter\CodeIgniter->handleRequest(null, Object(Config\Cache), false)
10 FCPATH\index.php(67): CodeIgniter\CodeIgniter->run()
11 SYSTEMPATH\Commands\Server\rewrite.php(47): require_once('FCPATH\\index.php')
ERROR - 2023-04-10 15:04:10 --> mysqli_sql_exception: Column 'kode' cannot be null in G:\Files\Program\sambirejo_ci\system\Database\MySQLi\Connection.php:295
Stack trace:
#0 G:\Files\Program\sambirejo_ci\system\Database\MySQLi\Connection.php(295): mysqli->query('INSERT INTO `pe...', 0)
#1 G:\Files\Program\sambirejo_ci\system\Database\BaseConnection.php(691): CodeIgniter\Database\MySQLi\Connection->execute('INSERT INTO `pe...')
#2 G:\Files\Program\sambirejo_ci\system\Database\BaseConnection.php(605): CodeIgniter\Database\BaseConnection->simpleQuery('INSERT INTO `pe...')
#3 G:\Files\Program\sambirejo_ci\system\Database\BaseBuilder.php(2295): CodeIgniter\Database\BaseConnection->query('INSERT INTO `pe...', Array, false)
#4 G:\Files\Program\sambirejo_ci\system\Model.php(329): CodeIgniter\Database\BaseBuilder->insert()
#5 G:\Files\Program\sambirejo_ci\system\BaseModel.php(782): CodeIgniter\Model->doInsert(Array)
#6 G:\Files\Program\sambirejo_ci\system\Model.php(729): CodeIgniter\BaseModel->insert(Array, false)
#7 G:\Files\Program\sambirejo_ci\system\BaseModel.php(692): CodeIgniter\Model->insert(Array, false)
#8 G:\Files\Program\sambirejo_ci\app\Controllers\Paket.php(21): CodeIgniter\BaseModel->save(Array)
#9 G:\Files\Program\sambirejo_ci\system\CodeIgniter.php(934): App\Controllers\Paket->save()
#10 G:\Files\Program\sambirejo_ci\system\CodeIgniter.php(499): CodeIgniter\CodeIgniter->runController(Object(App\Controllers\Paket))
#11 G:\Files\Program\sambirejo_ci\system\CodeIgniter.php(368): CodeIgniter\CodeIgniter->handleRequest(NULL, Object(Config\Cache), false)
#12 G:\Files\Program\sambirejo_ci\public\index.php(67): CodeIgniter\CodeIgniter->run()
#13 G:\Files\Program\sambirejo_ci\system\Commands\Server\rewrite.php(47): require_once('G:\\Files\\Progra...')
#14 {main}
CRITICAL - 2023-04-10 15:04:10 --> Column 'kode' cannot be null
in SYSTEMPATH\Database\BaseConnection.php on line 645.
 1 SYSTEMPATH\Database\BaseBuilder.php(2295): CodeIgniter\Database\BaseConnection->query('INSERT INTO `pesanan` (`kode`, `nama`, `no_hp`, `email`, `tiket`, `paket`) VALUES (:kode:, :nama:, :no_hp:, :email:, :tiket:, :paket:)', [...], false)
 2 SYSTEMPATH\Model.php(329): CodeIgniter\Database\BaseBuilder->insert()
 3 SYSTEMPATH\BaseModel.php(782): CodeIgniter\Model->doInsert([...])
 4 SYSTEMPATH\Model.php(729): CodeIgniter\BaseModel->insert([...], false)
 5 SYSTEMPATH\BaseModel.php(692): CodeIgniter\Model->insert([...], false)
 6 APPPATH\Controllers\Paket.php(21): CodeIgniter\BaseModel->save([...])
 7 SYSTEMPATH\CodeIgniter.php(934): App\Controllers\Paket->save()
 8 SYSTEMPATH\CodeIgniter.php(499): CodeIgniter\CodeIgniter->runController(Object(App\Controllers\Paket))
 9 SYSTEMPATH\CodeIgniter.php(368): CodeIgniter\CodeIgniter->handleRequest(null, Object(Config\Cache), false)
10 FCPATH\index.php(67): CodeIgniter\CodeIgniter->run()
11 SYSTEMPATH\Commands\Server\rewrite.php(47): require_once('FCPATH\\index.php')
ERROR - 2023-04-10 15:04:43 --> mysqli_sql_exception: Column 'kode' cannot be null in G:\Files\Program\sambirejo_ci\system\Database\MySQLi\Connection.php:295
Stack trace:
#0 G:\Files\Program\sambirejo_ci\system\Database\MySQLi\Connection.php(295): mysqli->query('INSERT INTO `pe...', 0)
#1 G:\Files\Program\sambirejo_ci\system\Database\BaseConnection.php(691): CodeIgniter\Database\MySQLi\Connection->execute('INSERT INTO `pe...')
#2 G:\Files\Program\sambirejo_ci\system\Database\BaseConnection.php(605): CodeIgniter\Database\BaseConnection->simpleQuery('INSERT INTO `pe...')
#3 G:\Files\Program\sambirejo_ci\system\Database\BaseBuilder.php(2295): CodeIgniter\Database\BaseConnection->query('INSERT INTO `pe...', Array, false)
#4 G:\Files\Program\sambirejo_ci\system\Model.php(329): CodeIgniter\Database\BaseBuilder->insert()
#5 G:\Files\Program\sambirejo_ci\system\BaseModel.php(782): CodeIgniter\Model->doInsert(Array)
#6 G:\Files\Program\sambirejo_ci\system\Model.php(729): CodeIgniter\BaseModel->insert(Array, false)
#7 G:\Files\Program\sambirejo_ci\system\BaseModel.php(692): CodeIgniter\Model->insert(Array, false)
#8 G:\Files\Program\sambirejo_ci\app\Controllers\Paket.php(21): CodeIgniter\BaseModel->save(Array)
#9 G:\Files\Program\sambirejo_ci\system\CodeIgniter.php(934): App\Controllers\Paket->save()
#10 G:\Files\Program\sambirejo_ci\system\CodeIgniter.php(499): CodeIgniter\CodeIgniter->runController(Object(App\Controllers\Paket))
#11 G:\Files\Program\sambirejo_ci\system\CodeIgniter.php(368): CodeIgniter\CodeIgniter->handleRequest(NULL, Object(Config\Cache), false)
#12 G:\Files\Program\sambirejo_ci\public\index.php(67): CodeIgniter\CodeIgniter->run()
#13 G:\Files\Program\sambirejo_ci\system\Commands\Server\rewrite.php(47): require_once('G:\\Files\\Progra...')
#14 {main}
CRITICAL - 2023-04-10 15:04:43 --> Column 'kode' cannot be null
in SYSTEMPATH\Database\BaseConnection.php on line 645.
 1 SYSTEMPATH\Database\BaseBuilder.php(2295): CodeIgniter\Database\BaseConnection->query('INSERT INTO `pesanan` (`kode`, `nama`, `no_hp`, `email`, `tiket`, `paket`) VALUES (:kode:, :nama:, :no_hp:, :email:, :tiket:, :paket:)', [...], false)
 2 SYSTEMPATH\Model.php(329): CodeIgniter\Database\BaseBuilder->insert()
 3 SYSTEMPATH\BaseModel.php(782): CodeIgniter\Model->doInsert([...])
 4 SYSTEMPATH\Model.php(729): CodeIgniter\BaseModel->insert([...], false)
 5 SYSTEMPATH\BaseModel.php(692): CodeIgniter\Model->insert([...], false)
 6 APPPATH\Controllers\Paket.php(21): CodeIgniter\BaseModel->save([...])
 7 SYSTEMPATH\CodeIgniter.php(934): App\Controllers\Paket->save()
 8 SYSTEMPATH\CodeIgniter.php(499): CodeIgniter\CodeIgniter->runController(Object(App\Controllers\Paket))
 9 SYSTEMPATH\CodeIgniter.php(368): CodeIgniter\CodeIgniter->handleRequest(null, Object(Config\Cache), false)
10 FCPATH\index.php(67): CodeIgniter\CodeIgniter->run()
11 SYSTEMPATH\Commands\Server\rewrite.php(47): require_once('FCPATH\\index.php')
ERROR - 2023-04-10 15:04:48 --> mysqli_sql_exception: Column 'kode' cannot be null in G:\Files\Program\sambirejo_ci\system\Database\MySQLi\Connection.php:295
Stack trace:
#0 G:\Files\Program\sambirejo_ci\system\Database\MySQLi\Connection.php(295): mysqli->query('INSERT INTO `pe...', 0)
#1 G:\Files\Program\sambirejo_ci\system\Database\BaseConnection.php(691): CodeIgniter\Database\MySQLi\Connection->execute('INSERT INTO `pe...')
#2 G:\Files\Program\sambirejo_ci\system\Database\BaseConnection.php(605): CodeIgniter\Database\BaseConnection->simpleQuery('INSERT INTO `pe...')
#3 G:\Files\Program\sambirejo_ci\system\Database\BaseBuilder.php(2295): CodeIgniter\Database\BaseConnection->query('INSERT INTO `pe...', Array, false)
#4 G:\Files\Program\sambirejo_ci\system\Model.php(329): CodeIgniter\Database\BaseBuilder->insert()
#5 G:\Files\Program\sambirejo_ci\system\BaseModel.php(782): CodeIgniter\Model->doInsert(Array)
#6 G:\Files\Program\sambirejo_ci\system\Model.php(729): CodeIgniter\BaseModel->insert(Array, false)
#7 G:\Files\Program\sambirejo_ci\system\BaseModel.php(692): CodeIgniter\Model->insert(Array, false)
#8 G:\Files\Program\sambirejo_ci\app\Controllers\Paket.php(21): CodeIgniter\BaseModel->save(Array)
#9 G:\Files\Program\sambirejo_ci\system\CodeIgniter.php(934): App\Controllers\Paket->save()
#10 G:\Files\Program\sambirejo_ci\system\CodeIgniter.php(499): CodeIgniter\CodeIgniter->runController(Object(App\Controllers\Paket))
#11 G:\Files\Program\sambirejo_ci\system\CodeIgniter.php(368): CodeIgniter\CodeIgniter->handleRequest(NULL, Object(Config\Cache), false)
#12 G:\Files\Program\sambirejo_ci\public\index.php(67): CodeIgniter\CodeIgniter->run()
#13 G:\Files\Program\sambirejo_ci\system\Commands\Server\rewrite.php(47): require_once('G:\\Files\\Progra...')
#14 {main}
CRITICAL - 2023-04-10 15:04:48 --> Column 'kode' cannot be null
in SYSTEMPATH\Database\BaseConnection.php on line 645.
 1 SYSTEMPATH\Database\BaseBuilder.php(2295): CodeIgniter\Database\BaseConnection->query('INSERT INTO `pesanan` (`kode`, `nama`, `no_hp`, `email`, `tiket`, `paket`) VALUES (:kode:, :nama:, :no_hp:, :email:, :tiket:, :paket:)', [...], false)
 2 SYSTEMPATH\Model.php(329): CodeIgniter\Database\BaseBuilder->insert()
 3 SYSTEMPATH\BaseModel.php(782): CodeIgniter\Model->doInsert([...])
 4 SYSTEMPATH\Model.php(729): CodeIgniter\BaseModel->insert([...], false)
 5 SYSTEMPATH\BaseModel.php(692): CodeIgniter\Model->insert([...], false)
 6 APPPATH\Controllers\Paket.php(21): CodeIgniter\BaseModel->save([...])
 7 SYSTEMPATH\CodeIgniter.php(934): App\Controllers\Paket->save()
 8 SYSTEMPATH\CodeIgniter.php(499): CodeIgniter\CodeIgniter->runController(Object(App\Controllers\Paket))
 9 SYSTEMPATH\CodeIgniter.php(368): CodeIgniter\CodeIgniter->handleRequest(null, Object(Config\Cache), false)
10 FCPATH\index.php(67): CodeIgniter\CodeIgniter->run()
11 SYSTEMPATH\Commands\Server\rewrite.php(47): require_once('FCPATH\\index.php')
ERROR - 2023-04-10 15:05:07 --> mysqli_sql_exception: Column 'kode' cannot be null in G:\Files\Program\sambirejo_ci\system\Database\MySQLi\Connection.php:295
Stack trace:
#0 G:\Files\Program\sambirejo_ci\system\Database\MySQLi\Connection.php(295): mysqli->query('INSERT INTO `pe...', 0)
#1 G:\Files\Program\sambirejo_ci\system\Database\BaseConnection.php(691): CodeIgniter\Database\MySQLi\Connection->execute('INSERT INTO `pe...')
#2 G:\Files\Program\sambirejo_ci\system\Database\BaseConnection.php(605): CodeIgniter\Database\BaseConnection->simpleQuery('INSERT INTO `pe...')
#3 G:\Files\Program\sambirejo_ci\system\Database\BaseBuilder.php(2295): CodeIgniter\Database\BaseConnection->query('INSERT INTO `pe...', Array, false)
#4 G:\Files\Program\sambirejo_ci\system\Model.php(329): CodeIgniter\Database\BaseBuilder->insert()
#5 G:\Files\Program\sambirejo_ci\system\BaseModel.php(782): CodeIgniter\Model->doInsert(Array)
#6 G:\Files\Program\sambirejo_ci\system\Model.php(729): CodeIgniter\BaseModel->insert(Array, false)
#7 G:\Files\Program\sambirejo_ci\system\BaseModel.php(692): CodeIgniter\Model->insert(Array, false)
#8 G:\Files\Program\sambirejo_ci\app\Controllers\Paket.php(21): CodeIgniter\BaseModel->save(Array)
#9 G:\Files\Program\sambirejo_ci\system\CodeIgniter.php(934): App\Controllers\Paket->save()
#10 G:\Files\Program\sambirejo_ci\system\CodeIgniter.php(499): CodeIgniter\CodeIgniter->runController(Object(App\Controllers\Paket))
#11 G:\Files\Program\sambirejo_ci\system\CodeIgniter.php(368): CodeIgniter\CodeIgniter->handleRequest(NULL, Object(Config\Cache), false)
#12 G:\Files\Program\sambirejo_ci\public\index.php(67): CodeIgniter\CodeIgniter->run()
#13 G:\Files\Program\sambirejo_ci\system\Commands\Server\rewrite.php(47): require_once('G:\\Files\\Progra...')
#14 {main}
CRITICAL - 2023-04-10 15:05:07 --> Column 'kode' cannot be null
in SYSTEMPATH\Database\BaseConnection.php on line 645.
 1 SYSTEMPATH\Database\BaseBuilder.php(2295): CodeIgniter\Database\BaseConnection->query('INSERT INTO `pesanan` (`kode`, `nama`, `no_hp`, `email`, `tiket`, `paket`) VALUES (:kode:, :nama:, :no_hp:, :email:, :tiket:, :paket:)', [...], false)
 2 SYSTEMPATH\Model.php(329): CodeIgniter\Database\BaseBuilder->insert()
 3 SYSTEMPATH\BaseModel.php(782): CodeIgniter\Model->doInsert([...])
 4 SYSTEMPATH\Model.php(729): CodeIgniter\BaseModel->insert([...], false)
 5 SYSTEMPATH\BaseModel.php(692): CodeIgniter\Model->insert([...], false)
 6 APPPATH\Controllers\Paket.php(21): CodeIgniter\BaseModel->save([...])
 7 SYSTEMPATH\CodeIgniter.php(934): App\Controllers\Paket->save()
 8 SYSTEMPATH\CodeIgniter.php(499): CodeIgniter\CodeIgniter->runController(Object(App\Controllers\Paket))
 9 SYSTEMPATH\CodeIgniter.php(368): CodeIgniter\CodeIgniter->handleRequest(null, Object(Config\Cache), false)
10 FCPATH\index.php(67): CodeIgniter\CodeIgniter->run()
11 SYSTEMPATH\Commands\Server\rewrite.php(47): require_once('FCPATH\\index.php')
ERROR - 2023-04-10 15:05:29 --> mysqli_sql_exception: Column 'kode' cannot be null in G:\Files\Program\sambirejo_ci\system\Database\MySQLi\Connection.php:295
Stack trace:
#0 G:\Files\Program\sambirejo_ci\system\Database\MySQLi\Connection.php(295): mysqli->query('INSERT INTO `pe...', 0)
#1 G:\Files\Program\sambirejo_ci\system\Database\BaseConnection.php(691): CodeIgniter\Database\MySQLi\Connection->execute('INSERT INTO `pe...')
#2 G:\Files\Program\sambirejo_ci\system\Database\BaseConnection.php(605): CodeIgniter\Database\BaseConnection->simpleQuery('INSERT INTO `pe...')
#3 G:\Files\Program\sambirejo_ci\system\Database\BaseBuilder.php(2295): CodeIgniter\Database\BaseConnection->query('INSERT INTO `pe...', Array, false)
#4 G:\Files\Program\sambirejo_ci\system\Model.php(329): CodeIgniter\Database\BaseBuilder->insert()
#5 G:\Files\Program\sambirejo_ci\system\BaseModel.php(782): CodeIgniter\Model->doInsert(Array)
#6 G:\Files\Program\sambirejo_ci\system\Model.php(729): CodeIgniter\BaseModel->insert(Array, false)
#7 G:\Files\Program\sambirejo_ci\system\BaseModel.php(692): CodeIgniter\Model->insert(Array, false)
#8 G:\Files\Program\sambirejo_ci\app\Controllers\Paket.php(21): CodeIgniter\BaseModel->save(Array)
#9 G:\Files\Program\sambirejo_ci\system\CodeIgniter.php(934): App\Controllers\Paket->save()
#10 G:\Files\Program\sambirejo_ci\system\CodeIgniter.php(499): CodeIgniter\CodeIgniter->runController(Object(App\Controllers\Paket))
#11 G:\Files\Program\sambirejo_ci\system\CodeIgniter.php(368): CodeIgniter\CodeIgniter->handleRequest(NULL, Object(Config\Cache), false)
#12 G:\Files\Program\sambirejo_ci\public\index.php(67): CodeIgniter\CodeIgniter->run()
#13 G:\Files\Program\sambirejo_ci\system\Commands\Server\rewrite.php(47): require_once('G:\\Files\\Progra...')
#14 {main}
CRITICAL - 2023-04-10 15:05:29 --> Column 'kode' cannot be null
in SYSTEMPATH\Database\BaseConnection.php on line 645.
 1 SYSTEMPATH\Database\BaseBuilder.php(2295): CodeIgniter\Database\BaseConnection->query('INSERT INTO `pesanan` (`kode`, `nama`, `no_hp`, `email`, `tiket`, `paket`) VALUES (:kode:, :nama:, :no_hp:, :email:, :tiket:, :paket:)', [...], false)
 2 SYSTEMPATH\Model.php(329): CodeIgniter\Database\BaseBuilder->insert()
 3 SYSTEMPATH\BaseModel.php(782): CodeIgniter\Model->doInsert([...])
 4 SYSTEMPATH\Model.php(729): CodeIgniter\BaseModel->insert([...], false)
 5 SYSTEMPATH\BaseModel.php(692): CodeIgniter\Model->insert([...], false)
 6 APPPATH\Controllers\Paket.php(21): CodeIgniter\BaseModel->save([...])
 7 SYSTEMPATH\CodeIgniter.php(934): App\Controllers\Paket->save()
 8 SYSTEMPATH\CodeIgniter.php(499): CodeIgniter\CodeIgniter->runController(Object(App\Controllers\Paket))
 9 SYSTEMPATH\CodeIgniter.php(368): CodeIgniter\CodeIgniter->handleRequest(null, Object(Config\Cache), false)
10 FCPATH\index.php(67): CodeIgniter\CodeIgniter->run()
11 SYSTEMPATH\Commands\Server\rewrite.php(47): require_once('FCPATH\\index.php')
ERROR - 2023-04-10 15:05:31 --> mysqli_sql_exception: Column 'kode' cannot be null in G:\Files\Program\sambirejo_ci\system\Database\MySQLi\Connection.php:295
Stack trace:
#0 G:\Files\Program\sambirejo_ci\system\Database\MySQLi\Connection.php(295): mysqli->query('INSERT INTO `pe...', 0)
#1 G:\Files\Program\sambirejo_ci\system\Database\BaseConnection.php(691): CodeIgniter\Database\MySQLi\Connection->execute('INSERT INTO `pe...')
#2 G:\Files\Program\sambirejo_ci\system\Database\BaseConnection.php(605): CodeIgniter\Database\BaseConnection->simpleQuery('INSERT INTO `pe...')
#3 G:\Files\Program\sambirejo_ci\system\Database\BaseBuilder.php(2295): CodeIgniter\Database\BaseConnection->query('INSERT INTO `pe...', Array, false)
#4 G:\Files\Program\sambirejo_ci\system\Model.php(329): CodeIgniter\Database\BaseBuilder->insert()
#5 G:\Files\Program\sambirejo_ci\system\BaseModel.php(782): CodeIgniter\Model->doInsert(Array)
#6 G:\Files\Program\sambirejo_ci\system\Model.php(729): CodeIgniter\BaseModel->insert(Array, false)
#7 G:\Files\Program\sambirejo_ci\system\BaseModel.php(692): CodeIgniter\Model->insert(Array, false)
#8 G:\Files\Program\sambirejo_ci\app\Controllers\Paket.php(21): CodeIgniter\BaseModel->save(Array)
#9 G:\Files\Program\sambirejo_ci\system\CodeIgniter.php(934): App\Controllers\Paket->save()
#10 G:\Files\Program\sambirejo_ci\system\CodeIgniter.php(499): CodeIgniter\CodeIgniter->runController(Object(App\Controllers\Paket))
#11 G:\Files\Program\sambirejo_ci\system\CodeIgniter.php(368): CodeIgniter\CodeIgniter->handleRequest(NULL, Object(Config\Cache), false)
#12 G:\Files\Program\sambirejo_ci\public\index.php(67): CodeIgniter\CodeIgniter->run()
#13 G:\Files\Program\sambirejo_ci\system\Commands\Server\rewrite.php(47): require_once('G:\\Files\\Progra...')
#14 {main}
CRITICAL - 2023-04-10 15:05:31 --> Column 'kode' cannot be null
in SYSTEMPATH\Database\BaseConnection.php on line 645.
 1 SYSTEMPATH\Database\BaseBuilder.php(2295): CodeIgniter\Database\BaseConnection->query('INSERT INTO `pesanan` (`kode`, `nama`, `no_hp`, `email`, `tiket`, `paket`) VALUES (:kode:, :nama:, :no_hp:, :email:, :tiket:, :paket:)', [...], false)
 2 SYSTEMPATH\Model.php(329): CodeIgniter\Database\BaseBuilder->insert()
 3 SYSTEMPATH\BaseModel.php(782): CodeIgniter\Model->doInsert([...])
 4 SYSTEMPATH\Model.php(729): CodeIgniter\BaseModel->insert([...], false)
 5 SYSTEMPATH\BaseModel.php(692): CodeIgniter\Model->insert([...], false)
 6 APPPATH\Controllers\Paket.php(21): CodeIgniter\BaseModel->save([...])
 7 SYSTEMPATH\CodeIgniter.php(934): App\Controllers\Paket->save()
 8 SYSTEMPATH\CodeIgniter.php(499): CodeIgniter\CodeIgniter->runController(Object(App\Controllers\Paket))
 9 SYSTEMPATH\CodeIgniter.php(368): CodeIgniter\CodeIgniter->handleRequest(null, Object(Config\Cache), false)
10 FCPATH\index.php(67): CodeIgniter\CodeIgniter->run()
11 SYSTEMPATH\Commands\Server\rewrite.php(47): require_once('FCPATH\\index.php')
ERROR - 2023-04-10 18:07:55 --> mysqli_sql_exception: Column 'kode' cannot be null in G:\Files\Program\sambirejo_ci\system\Database\MySQLi\Connection.php:295
Stack trace:
#0 G:\Files\Program\sambirejo_ci\system\Database\MySQLi\Connection.php(295): mysqli->query('INSERT INTO `pe...', 0)
#1 G:\Files\Program\sambirejo_ci\system\Database\BaseConnection.php(691): CodeIgniter\Database\MySQLi\Connection->execute('INSERT INTO `pe...')
#2 G:\Files\Program\sambirejo_ci\system\Database\BaseConnection.php(605): CodeIgniter\Database\BaseConnection->simpleQuery('INSERT INTO `pe...')
#3 G:\Files\Program\sambirejo_ci\system\Database\BaseBuilder.php(2295): CodeIgniter\Database\BaseConnection->query('INSERT INTO `pe...', Array, false)
#4 G:\Files\Program\sambirejo_ci\system\Model.php(329): CodeIgniter\Database\BaseBuilder->insert()
#5 G:\Files\Program\sambirejo_ci\system\BaseModel.php(782): CodeIgniter\Model->doInsert(Array)
#6 G:\Files\Program\sambirejo_ci\system\Model.php(729): CodeIgniter\BaseModel->insert(Array, false)
#7 G:\Files\Program\sambirejo_ci\system\BaseModel.php(692): CodeIgniter\Model->insert(Array, false)
#8 G:\Files\Program\sambirejo_ci\app\Controllers\Paket.php(21): CodeIgniter\BaseModel->save(Array)
#9 G:\Files\Program\sambirejo_ci\system\CodeIgniter.php(934): App\Controllers\Paket->save()
#10 G:\Files\Program\sambirejo_ci\system\CodeIgniter.php(499): CodeIgniter\CodeIgniter->runController(Object(App\Controllers\Paket))
#11 G:\Files\Program\sambirejo_ci\system\CodeIgniter.php(368): CodeIgniter\CodeIgniter->handleRequest(NULL, Object(Config\Cache), false)
#12 G:\Files\Program\sambirejo_ci\public\index.php(67): CodeIgniter\CodeIgniter->run()
#13 G:\Files\Program\sambirejo_ci\system\Commands\Server\rewrite.php(47): require_once('G:\\Files\\Progra...')
#14 {main}
CRITICAL - 2023-04-10 18:07:56 --> Column 'kode' cannot be null
in SYSTEMPATH\Database\BaseConnection.php on line 645.
 1 SYSTEMPATH\Database\BaseBuilder.php(2295): CodeIgniter\Database\BaseConnection->query('INSERT INTO `pesanan` (`kode`, `nama`, `no_hp`, `email`, `tiket`, `paket`) VALUES (:kode:, :nama:, :no_hp:, :email:, :tiket:, :paket:)', [...], false)
 2 SYSTEMPATH\Model.php(329): CodeIgniter\Database\BaseBuilder->insert()
 3 SYSTEMPATH\BaseModel.php(782): CodeIgniter\Model->doInsert([...])
 4 SYSTEMPATH\Model.php(729): CodeIgniter\BaseModel->insert([...], false)
 5 SYSTEMPATH\BaseModel.php(692): CodeIgniter\Model->insert([...], false)
 6 APPPATH\Controllers\Paket.php(21): CodeIgniter\BaseModel->save([...])
 7 SYSTEMPATH\CodeIgniter.php(934): App\Controllers\Paket->save()
 8 SYSTEMPATH\CodeIgniter.php(499): CodeIgniter\CodeIgniter->runController(Object(App\Controllers\Paket))
 9 SYSTEMPATH\CodeIgniter.php(368): CodeIgniter\CodeIgniter->handleRequest(null, Object(Config\Cache), false)
10 FCPATH\index.php(67): CodeIgniter\CodeIgniter->run()
11 SYSTEMPATH\Commands\Server\rewrite.php(47): require_once('FCPATH\\index.php')
ERROR - 2023-04-10 18:08:10 --> mysqli_sql_exception: Column 'kode' cannot be null in G:\Files\Program\sambirejo_ci\system\Database\MySQLi\Connection.php:295
Stack trace:
#0 G:\Files\Program\sambirejo_ci\system\Database\MySQLi\Connection.php(295): mysqli->query('INSERT INTO `pe...', 0)
#1 G:\Files\Program\sambirejo_ci\system\Database\BaseConnection.php(691): CodeIgniter\Database\MySQLi\Connection->execute('INSERT INTO `pe...')
#2 G:\Files\Program\sambirejo_ci\system\Database\BaseConnection.php(605): CodeIgniter\Database\BaseConnection->simpleQuery('INSERT INTO `pe...')
#3 G:\Files\Program\sambirejo_ci\system\Database\BaseBuilder.php(2295): CodeIgniter\Database\BaseConnection->query('INSERT INTO `pe...', Array, false)
#4 G:\Files\Program\sambirejo_ci\system\Model.php(329): CodeIgniter\Database\BaseBuilder->insert()
#5 G:\Files\Program\sambirejo_ci\system\BaseModel.php(782): CodeIgniter\Model->doInsert(Array)
#6 G:\Files\Program\sambirejo_ci\system\Model.php(729): CodeIgniter\BaseModel->insert(Array, false)
#7 G:\Files\Program\sambirejo_ci\system\BaseModel.php(692): CodeIgniter\Model->insert(Array, false)
#8 G:\Files\Program\sambirejo_ci\app\Controllers\Paket.php(21): CodeIgniter\BaseModel->save(Array)
#9 G:\Files\Program\sambirejo_ci\system\CodeIgniter.php(934): App\Controllers\Paket->save()
#10 G:\Files\Program\sambirejo_ci\system\CodeIgniter.php(499): CodeIgniter\CodeIgniter->runController(Object(App\Controllers\Paket))
#11 G:\Files\Program\sambirejo_ci\system\CodeIgniter.php(368): CodeIgniter\CodeIgniter->handleRequest(NULL, Object(Config\Cache), false)
#12 G:\Files\Program\sambirejo_ci\public\index.php(67): CodeIgniter\CodeIgniter->run()
#13 G:\Files\Program\sambirejo_ci\system\Commands\Server\rewrite.php(47): require_once('G:\\Files\\Progra...')
#14 {main}
CRITICAL - 2023-04-10 18:08:10 --> Column 'kode' cannot be null
in SYSTEMPATH\Database\BaseConnection.php on line 645.
 1 SYSTEMPATH\Database\BaseBuilder.php(2295): CodeIgniter\Database\BaseConnection->query('INSERT INTO `pesanan` (`kode`, `nama`, `no_hp`, `email`, `tiket`, `paket`) VALUES (:kode:, :nama:, :no_hp:, :email:, :tiket:, :paket:)', [...], false)
 2 SYSTEMPATH\Model.php(329): CodeIgniter\Database\BaseBuilder->insert()
 3 SYSTEMPATH\BaseModel.php(782): CodeIgniter\Model->doInsert([...])
 4 SYSTEMPATH\Model.php(729): CodeIgniter\BaseModel->insert([...], false)
 5 SYSTEMPATH\BaseModel.php(692): CodeIgniter\Model->insert([...], false)
 6 APPPATH\Controllers\Paket.php(21): CodeIgniter\BaseModel->save([...])
 7 SYSTEMPATH\CodeIgniter.php(934): App\Controllers\Paket->save()
 8 SYSTEMPATH\CodeIgniter.php(499): CodeIgniter\CodeIgniter->runController(Object(App\Controllers\Paket))
 9 SYSTEMPATH\CodeIgniter.php(368): CodeIgniter\CodeIgniter->handleRequest(null, Object(Config\Cache), false)
10 FCPATH\index.php(67): CodeIgniter\CodeIgniter->run()
11 SYSTEMPATH\Commands\Server\rewrite.php(47): require_once('FCPATH\\index.php')
ERROR - 2023-04-10 18:08:30 --> mysqli_sql_exception: Column 'kode' cannot be null in G:\Files\Program\sambirejo_ci\system\Database\MySQLi\Connection.php:295
Stack trace:
#0 G:\Files\Program\sambirejo_ci\system\Database\MySQLi\Connection.php(295): mysqli->query('INSERT INTO `pe...', 0)
#1 G:\Files\Program\sambirejo_ci\system\Database\BaseConnection.php(691): CodeIgniter\Database\MySQLi\Connection->execute('INSERT INTO `pe...')
#2 G:\Files\Program\sambirejo_ci\system\Database\BaseConnection.php(605): CodeIgniter\Database\BaseConnection->simpleQuery('INSERT INTO `pe...')
#3 G:\Files\Program\sambirejo_ci\system\Database\BaseBuilder.php(2295): CodeIgniter\Database\BaseConnection->query('INSERT INTO `pe...', Array, false)
#4 G:\Files\Program\sambirejo_ci\system\Model.php(329): CodeIgniter\Database\BaseBuilder->insert()
#5 G:\Files\Program\sambirejo_ci\system\BaseModel.php(782): CodeIgniter\Model->doInsert(Array)
#6 G:\Files\Program\sambirejo_ci\system\Model.php(729): CodeIgniter\BaseModel->insert(Array, false)
#7 G:\Files\Program\sambirejo_ci\system\BaseModel.php(692): CodeIgniter\Model->insert(Array, false)
#8 G:\Files\Program\sambirejo_ci\app\Controllers\Paket.php(21): CodeIgniter\BaseModel->save(Array)
#9 G:\Files\Program\sambirejo_ci\system\CodeIgniter.php(934): App\Controllers\Paket->save()
#10 G:\Files\Program\sambirejo_ci\system\CodeIgniter.php(499): CodeIgniter\CodeIgniter->runController(Object(App\Controllers\Paket))
#11 G:\Files\Program\sambirejo_ci\system\CodeIgniter.php(368): CodeIgniter\CodeIgniter->handleRequest(NULL, Object(Config\Cache), false)
#12 G:\Files\Program\sambirejo_ci\public\index.php(67): CodeIgniter\CodeIgniter->run()
#13 G:\Files\Program\sambirejo_ci\system\Commands\Server\rewrite.php(47): require_once('G:\\Files\\Progra...')
#14 {main}
CRITICAL - 2023-04-10 18:08:30 --> Column 'kode' cannot be null
in SYSTEMPATH\Database\BaseConnection.php on line 645.
 1 SYSTEMPATH\Database\BaseBuilder.php(2295): CodeIgniter\Database\BaseConnection->query('INSERT INTO `pesanan` (`kode`, `nama`, `no_hp`, `email`, `tiket`, `paket`) VALUES (:kode:, :nama:, :no_hp:, :email:, :tiket:, :paket:)', [...], false)
 2 SYSTEMPATH\Model.php(329): CodeIgniter\Database\BaseBuilder->insert()
 3 SYSTEMPATH\BaseModel.php(782): CodeIgniter\Model->doInsert([...])
 4 SYSTEMPATH\Model.php(729): CodeIgniter\BaseModel->insert([...], false)
 5 SYSTEMPATH\BaseModel.php(692): CodeIgniter\Model->insert([...], false)
 6 APPPATH\Controllers\Paket.php(21): CodeIgniter\BaseModel->save([...])
 7 SYSTEMPATH\CodeIgniter.php(934): App\Controllers\Paket->save()
 8 SYSTEMPATH\CodeIgniter.php(499): CodeIgniter\CodeIgniter->runController(Object(App\Controllers\Paket))
 9 SYSTEMPATH\CodeIgniter.php(368): CodeIgniter\CodeIgniter->handleRequest(null, Object(Config\Cache), false)
10 FCPATH\index.php(67): CodeIgniter\CodeIgniter->run()
11 SYSTEMPATH\Commands\Server\rewrite.php(47): require_once('FCPATH\\index.php')
ERROR - 2023-04-10 18:08:31 --> mysqli_sql_exception: Column 'kode' cannot be null in G:\Files\Program\sambirejo_ci\system\Database\MySQLi\Connection.php:295
Stack trace:
#0 G:\Files\Program\sambirejo_ci\system\Database\MySQLi\Connection.php(295): mysqli->query('INSERT INTO `pe...', 0)
#1 G:\Files\Program\sambirejo_ci\system\Database\BaseConnection.php(691): CodeIgniter\Database\MySQLi\Connection->execute('INSERT INTO `pe...')
#2 G:\Files\Program\sambirejo_ci\system\Database\BaseConnection.php(605): CodeIgniter\Database\BaseConnection->simpleQuery('INSERT INTO `pe...')
#3 G:\Files\Program\sambirejo_ci\system\Database\BaseBuilder.php(2295): CodeIgniter\Database\BaseConnection->query('INSERT INTO `pe...', Array, false)
#4 G:\Files\Program\sambirejo_ci\system\Model.php(329): CodeIgniter\Database\BaseBuilder->insert()
#5 G:\Files\Program\sambirejo_ci\system\BaseModel.php(782): CodeIgniter\Model->doInsert(Array)
#6 G:\Files\Program\sambirejo_ci\system\Model.php(729): CodeIgniter\BaseModel->insert(Array, false)
#7 G:\Files\Program\sambirejo_ci\system\BaseModel.php(692): CodeIgniter\Model->insert(Array, false)
#8 G:\Files\Program\sambirejo_ci\app\Controllers\Paket.php(21): CodeIgniter\BaseModel->save(Array)
#9 G:\Files\Program\sambirejo_ci\system\CodeIgniter.php(934): App\Controllers\Paket->save()
#10 G:\Files\Program\sambirejo_ci\system\CodeIgniter.php(499): CodeIgniter\CodeIgniter->runController(Object(App\Controllers\Paket))
#11 G:\Files\Program\sambirejo_ci\system\CodeIgniter.php(368): CodeIgniter\CodeIgniter->handleRequest(NULL, Object(Config\Cache), false)
#12 G:\Files\Program\sambirejo_ci\public\index.php(67): CodeIgniter\CodeIgniter->run()
#13 G:\Files\Program\sambirejo_ci\system\Commands\Server\rewrite.php(47): require_once('G:\\Files\\Progra...')
#14 {main}
CRITICAL - 2023-04-10 18:08:31 --> Column 'kode' cannot be null
in SYSTEMPATH\Database\BaseConnection.php on line 645.
 1 SYSTEMPATH\Database\BaseBuilder.php(2295): CodeIgniter\Database\BaseConnection->query('INSERT INTO `pesanan` (`kode`, `nama`, `no_hp`, `email`, `tiket`, `paket`) VALUES (:kode:, :nama:, :no_hp:, :email:, :tiket:, :paket:)', [...], false)
 2 SYSTEMPATH\Model.php(329): CodeIgniter\Database\BaseBuilder->insert()
 3 SYSTEMPATH\BaseModel.php(782): CodeIgniter\Model->doInsert([...])
 4 SYSTEMPATH\Model.php(729): CodeIgniter\BaseModel->insert([...], false)
 5 SYSTEMPATH\BaseModel.php(692): CodeIgniter\Model->insert([...], false)
 6 APPPATH\Controllers\Paket.php(21): CodeIgniter\BaseModel->save([...])
 7 SYSTEMPATH\CodeIgniter.php(934): App\Controllers\Paket->save()
 8 SYSTEMPATH\CodeIgniter.php(499): CodeIgniter\CodeIgniter->runController(Object(App\Controllers\Paket))
 9 SYSTEMPATH\CodeIgniter.php(368): CodeIgniter\CodeIgniter->handleRequest(null, Object(Config\Cache), false)
10 FCPATH\index.php(67): CodeIgniter\CodeIgniter->run()
11 SYSTEMPATH\Commands\Server\rewrite.php(47): require_once('FCPATH\\index.php')
ERROR - 2023-04-10 18:08:33 --> mysqli_sql_exception: Column 'kode' cannot be null in G:\Files\Program\sambirejo_ci\system\Database\MySQLi\Connection.php:295
Stack trace:
#0 G:\Files\Program\sambirejo_ci\system\Database\MySQLi\Connection.php(295): mysqli->query('INSERT INTO `pe...', 0)
#1 G:\Files\Program\sambirejo_ci\system\Database\BaseConnection.php(691): CodeIgniter\Database\MySQLi\Connection->execute('INSERT INTO `pe...')
#2 G:\Files\Program\sambirejo_ci\system\Database\BaseConnection.php(605): CodeIgniter\Database\BaseConnection->simpleQuery('INSERT INTO `pe...')
#3 G:\Files\Program\sambirejo_ci\system\Database\BaseBuilder.php(2295): CodeIgniter\Database\BaseConnection->query('INSERT INTO `pe...', Array, false)
#4 G:\Files\Program\sambirejo_ci\system\Model.php(329): CodeIgniter\Database\BaseBuilder->insert()
#5 G:\Files\Program\sambirejo_ci\system\BaseModel.php(782): CodeIgniter\Model->doInsert(Array)
#6 G:\Files\Program\sambirejo_ci\system\Model.php(729): CodeIgniter\BaseModel->insert(Array, false)
#7 G:\Files\Program\sambirejo_ci\system\BaseModel.php(692): CodeIgniter\Model->insert(Array, false)
#8 G:\Files\Program\sambirejo_ci\app\Controllers\Paket.php(21): CodeIgniter\BaseModel->save(Array)
#9 G:\Files\Program\sambirejo_ci\system\CodeIgniter.php(934): App\Controllers\Paket->save()
#10 G:\Files\Program\sambirejo_ci\system\CodeIgniter.php(499): CodeIgniter\CodeIgniter->runController(Object(App\Controllers\Paket))
#11 G:\Files\Program\sambirejo_ci\system\CodeIgniter.php(368): CodeIgniter\CodeIgniter->handleRequest(NULL, Object(Config\Cache), false)
#12 G:\Files\Program\sambirejo_ci\public\index.php(67): CodeIgniter\CodeIgniter->run()
#13 G:\Files\Program\sambirejo_ci\system\Commands\Server\rewrite.php(47): require_once('G:\\Files\\Progra...')
#14 {main}
CRITICAL - 2023-04-10 18:08:33 --> Column 'kode' cannot be null
in SYSTEMPATH\Database\BaseConnection.php on line 645.
 1 SYSTEMPATH\Database\BaseBuilder.php(2295): CodeIgniter\Database\BaseConnection->query('INSERT INTO `pesanan` (`kode`, `nama`, `no_hp`, `email`, `tiket`, `paket`) VALUES (:kode:, :nama:, :no_hp:, :email:, :tiket:, :paket:)', [...], false)
 2 SYSTEMPATH\Model.php(329): CodeIgniter\Database\BaseBuilder->insert()
 3 SYSTEMPATH\BaseModel.php(782): CodeIgniter\Model->doInsert([...])
 4 SYSTEMPATH\Model.php(729): CodeIgniter\BaseModel->insert([...], false)
 5 SYSTEMPATH\BaseModel.php(692): CodeIgniter\Model->insert([...], false)
 6 APPPATH\Controllers\Paket.php(21): CodeIgniter\BaseModel->save([...])
 7 SYSTEMPATH\CodeIgniter.php(934): App\Controllers\Paket->save()
 8 SYSTEMPATH\CodeIgniter.php(499): CodeIgniter\CodeIgniter->runController(Object(App\Controllers\Paket))
 9 SYSTEMPATH\CodeIgniter.php(368): CodeIgniter\CodeIgniter->handleRequest(null, Object(Config\Cache), false)
10 FCPATH\index.php(67): CodeIgniter\CodeIgniter->run()
11 SYSTEMPATH\Commands\Server\rewrite.php(47): require_once('FCPATH\\index.php')
ERROR - 2023-04-10 18:15:26 --> mysqli_sql_exception: Column 'kode' cannot be null in G:\Files\Program\sambirejo_ci\system\Database\MySQLi\Connection.php:295
Stack trace:
#0 G:\Files\Program\sambirejo_ci\system\Database\MySQLi\Connection.php(295): mysqli->query('INSERT INTO `pe...', 0)
#1 G:\Files\Program\sambirejo_ci\system\Database\BaseConnection.php(691): CodeIgniter\Database\MySQLi\Connection->execute('INSERT INTO `pe...')
#2 G:\Files\Program\sambirejo_ci\system\Database\BaseConnection.php(605): CodeIgniter\Database\BaseConnection->simpleQuery('INSERT INTO `pe...')
#3 G:\Files\Program\sambirejo_ci\system\Database\BaseBuilder.php(2295): CodeIgniter\Database\BaseConnection->query('INSERT INTO `pe...', Array, false)
#4 G:\Files\Program\sambirejo_ci\system\Model.php(329): CodeIgniter\Database\BaseBuilder->insert()
#5 G:\Files\Program\sambirejo_ci\system\BaseModel.php(782): CodeIgniter\Model->doInsert(Array)
#6 G:\Files\Program\sambirejo_ci\system\Model.php(729): CodeIgniter\BaseModel->insert(Array, false)
#7 G:\Files\Program\sambirejo_ci\system\BaseModel.php(692): CodeIgniter\Model->insert(Array, false)
#8 G:\Files\Program\sambirejo_ci\app\Controllers\Paket.php(21): CodeIgniter\BaseModel->save(Array)
#9 G:\Files\Program\sambirejo_ci\system\CodeIgniter.php(934): App\Controllers\Paket->save()
#10 G:\Files\Program\sambirejo_ci\system\CodeIgniter.php(499): CodeIgniter\CodeIgniter->runController(Object(App\Controllers\Paket))
#11 G:\Files\Program\sambirejo_ci\system\CodeIgniter.php(368): CodeIgniter\CodeIgniter->handleRequest(NULL, Object(Config\Cache), false)
#12 G:\Files\Program\sambirejo_ci\public\index.php(67): CodeIgniter\CodeIgniter->run()
#13 G:\Files\Program\sambirejo_ci\system\Commands\Server\rewrite.php(47): require_once('G:\\Files\\Progra...')
#14 {main}
CRITICAL - 2023-04-10 18:15:26 --> Column 'kode' cannot be null
in SYSTEMPATH\Database\BaseConnection.php on line 645.
 1 SYSTEMPATH\Database\BaseBuilder.php(2295): CodeIgniter\Database\BaseConnection->query('INSERT INTO `pesanan` (`kode`, `nama`, `no_hp`, `email`, `tiket`, `paket`) VALUES (:kode:, :nama:, :no_hp:, :email:, :tiket:, :paket:)', [...], false)
 2 SYSTEMPATH\Model.php(329): CodeIgniter\Database\BaseBuilder->insert()
 3 SYSTEMPATH\BaseModel.php(782): CodeIgniter\Model->doInsert([...])
 4 SYSTEMPATH\Model.php(729): CodeIgniter\BaseModel->insert([...], false)
 5 SYSTEMPATH\BaseModel.php(692): CodeIgniter\Model->insert([...], false)
 6 APPPATH\Controllers\Paket.php(21): CodeIgniter\BaseModel->save([...])
 7 SYSTEMPATH\CodeIgniter.php(934): App\Controllers\Paket->save()
 8 SYSTEMPATH\CodeIgniter.php(499): CodeIgniter\CodeIgniter->runController(Object(App\Controllers\Paket))
 9 SYSTEMPATH\CodeIgniter.php(368): CodeIgniter\CodeIgniter->handleRequest(null, Object(Config\Cache), false)
10 FCPATH\index.php(67): CodeIgniter\CodeIgniter->run()
11 SYSTEMPATH\Commands\Server\rewrite.php(47): require_once('FCPATH\\index.php')
ERROR - 2023-04-10 18:15:44 --> mysqli_sql_exception: Column 'kode' cannot be null in G:\Files\Program\sambirejo_ci\system\Database\MySQLi\Connection.php:295
Stack trace:
#0 G:\Files\Program\sambirejo_ci\system\Database\MySQLi\Connection.php(295): mysqli->query('INSERT INTO `pe...', 0)
#1 G:\Files\Program\sambirejo_ci\system\Database\BaseConnection.php(691): CodeIgniter\Database\MySQLi\Connection->execute('INSERT INTO `pe...')
#2 G:\Files\Program\sambirejo_ci\system\Database\BaseConnection.php(605): CodeIgniter\Database\BaseConnection->simpleQuery('INSERT INTO `pe...')
#3 G:\Files\Program\sambirejo_ci\system\Database\BaseBuilder.php(2295): CodeIgniter\Database\BaseConnection->query('INSERT INTO `pe...', Array, false)
#4 G:\Files\Program\sambirejo_ci\system\Model.php(329): CodeIgniter\Database\BaseBuilder->insert()
#5 G:\Files\Program\sambirejo_ci\system\BaseModel.php(782): CodeIgniter\Model->doInsert(Array)
#6 G:\Files\Program\sambirejo_ci\system\Model.php(729): CodeIgniter\BaseModel->insert(Array, false)
#7 G:\Files\Program\sambirejo_ci\system\BaseModel.php(692): CodeIgniter\Model->insert(Array, false)
#8 G:\Files\Program\sambirejo_ci\app\Controllers\Paket.php(21): CodeIgniter\BaseModel->save(Array)
#9 G:\Files\Program\sambirejo_ci\system\CodeIgniter.php(934): App\Controllers\Paket->save()
#10 G:\Files\Program\sambirejo_ci\system\CodeIgniter.php(499): CodeIgniter\CodeIgniter->runController(Object(App\Controllers\Paket))
#11 G:\Files\Program\sambirejo_ci\system\CodeIgniter.php(368): CodeIgniter\CodeIgniter->handleRequest(NULL, Object(Config\Cache), false)
#12 G:\Files\Program\sambirejo_ci\public\index.php(67): CodeIgniter\CodeIgniter->run()
#13 G:\Files\Program\sambirejo_ci\system\Commands\Server\rewrite.php(47): require_once('G:\\Files\\Progra...')
#14 {main}
CRITICAL - 2023-04-10 18:15:44 --> Column 'kode' cannot be null
in SYSTEMPATH\Database\BaseConnection.php on line 645.
 1 SYSTEMPATH\Database\BaseBuilder.php(2295): CodeIgniter\Database\BaseConnection->query('INSERT INTO `pesanan` (`kode`, `nama`, `no_hp`, `email`, `tiket`, `paket`) VALUES (:kode:, :nama:, :no_hp:, :email:, :tiket:, :paket:)', [...], false)
 2 SYSTEMPATH\Model.php(329): CodeIgniter\Database\BaseBuilder->insert()
 3 SYSTEMPATH\BaseModel.php(782): CodeIgniter\Model->doInsert([...])
 4 SYSTEMPATH\Model.php(729): CodeIgniter\BaseModel->insert([...], false)
 5 SYSTEMPATH\BaseModel.php(692): CodeIgniter\Model->insert([...], false)
 6 APPPATH\Controllers\Paket.php(21): CodeIgniter\BaseModel->save([...])
 7 SYSTEMPATH\CodeIgniter.php(934): App\Controllers\Paket->save()
 8 SYSTEMPATH\CodeIgniter.php(499): CodeIgniter\CodeIgniter->runController(Object(App\Controllers\Paket))
 9 SYSTEMPATH\CodeIgniter.php(368): CodeIgniter\CodeIgniter->handleRequest(null, Object(Config\Cache), false)
10 FCPATH\index.php(67): CodeIgniter\CodeIgniter->run()
11 SYSTEMPATH\Commands\Server\rewrite.php(47): require_once('FCPATH\\index.php')
INFO - 2023-04-10 21:18:45 --> Session: Class initialized using 'CodeIgniter\Session\Handlers\FileHandler' driver.
INFO - 2023-04-10 21:18:45 --> Session: Class initialized using 'CodeIgniter\Session\Handlers\FileHandler' driver.
INFO - 2023-04-10 21:18:49 --> Session: Class initialized using 'CodeIgniter\Session\Handlers\FileHandler' driver.
INFO - 2023-04-10 21:18:49 --> Session: Class initialized using 'CodeIgniter\Session\Handlers\FileHandler' driver.
INFO - 2023-04-10 21:18:52 --> Session: Class initialized using 'CodeIgniter\Session\Handlers\FileHandler' driver.
INFO - 2023-04-10 21:20:11 --> Session: Class initialized using 'CodeIgniter\Session\Handlers\FileHandler' driver.
INFO - 2023-04-10 21:20:15 --> Session: Class initialized using 'CodeIgniter\Session\Handlers\FileHandler' driver.
INFO - 2023-04-10 21:20:21 --> Session: Class initialized using 'CodeIgniter\Session\Handlers\FileHandler' driver.
INFO - 2023-04-10 21:20:21 --> Session: Class initialized using 'CodeIgniter\Session\Handlers\FileHandler' driver.
INFO - 2023-04-10 21:21:48 --> Session: Class initialized using 'CodeIgniter\Session\Handlers\FileHandler' driver.
INFO - 2023-04-10 21:21:56 --> Session: Class initialized using 'CodeIgniter\Session\Handlers\FileHandler' driver.
INFO - 2023-04-10 21:22:29 --> Session: Class initialized using 'CodeIgniter\Session\Handlers\FileHandler' driver.
INFO - 2023-04-10 21:23:05 --> Session: Class initialized using 'CodeIgniter\Session\Handlers\FileHandler' driver.
INFO - 2023-04-10 21:23:15 --> Session: Class initialized using 'CodeIgniter\Session\Handlers\FileHandler' driver.
INFO - 2023-04-10 21:23:19 --> Session: Class initialized using 'CodeIgniter\Session\Handlers\FileHandler' driver.
INFO - 2023-04-10 21:23:42 --> Session: Class initialized using 'CodeIgniter\Session\Handlers\FileHandler' driver.
INFO - 2023-04-10 21:23:45 --> Session: Class initialized using 'CodeIgniter\Session\Handlers\FileHandler' driver.
INFO - 2023-04-10 21:24:47 --> Session: Class initialized using 'CodeIgniter\Session\Handlers\FileHandler' driver.
INFO - 2023-04-10 21:24:50 --> Session: Class initialized using 'CodeIgniter\Session\Handlers\FileHandler' driver.
INFO - 2023-04-10 21:24:51 --> Session: Class initialized using 'CodeIgniter\Session\Handlers\FileHandler' driver.
INFO - 2023-04-10 21:24:52 --> Session: Class initialized using 'CodeIgniter\Session\Handlers\FileHandler' driver.
INFO - 2023-04-10 21:24:54 --> Session: Class initialized using 'CodeIgniter\Session\Handlers\FileHandler' driver.
INFO - 2023-04-10 21:25:02 --> Session: Class initialized using 'CodeIgniter\Session\Handlers\FileHandler' driver.
INFO - 2023-04-10 21:25:03 --> Session: Class initialized using 'CodeIgniter\Session\Handlers\FileHandler' driver.
INFO - 2023-04-10 21:25:17 --> Session: Class initialized using 'CodeIgniter\Session\Handlers\FileHandler' driver.
INFO - 2023-04-10 21:25:19 --> Session: Class initialized using 'CodeIgniter\Session\Handlers\FileHandler' driver.
INFO - 2023-04-10 21:25:21 --> Session: Class initialized using 'CodeIgniter\Session\Handlers\FileHandler' driver.
INFO - 2023-04-10 21:25:29 --> Session: Class initialized using 'CodeIgniter\Session\Handlers\FileHandler' driver.
INFO - 2023-04-10 21:25:34 --> Session: Class initialized using 'CodeIgniter\Session\Handlers\FileHandler' driver.
INFO - 2023-04-10 21:26:04 --> Session: Class initialized using 'CodeIgniter\Session\Handlers\FileHandler' driver.
INFO - 2023-04-10 21:26:05 --> Session: Class initialized using 'CodeIgniter\Session\Handlers\FileHandler' driver.
INFO - 2023-04-10 21:26:15 --> Session: Class initialized using 'CodeIgniter\Session\Handlers\FileHandler' driver.
INFO - 2023-04-10 21:26:15 --> Session: Class initialized using 'CodeIgniter\Session\Handlers\FileHandler' driver.
INFO - 2023-04-10 21:26:26 --> Session: Class initialized using 'CodeIgniter\Session\Handlers\FileHandler' driver.
INFO - 2023-04-10 21:26:26 --> Session: Class initialized using 'CodeIgniter\Session\Handlers\FileHandler' driver.
INFO - 2023-04-10 21:27:16 --> Session: Class initialized using 'CodeIgniter\Session\Handlers\FileHandler' driver.
INFO - 2023-04-10 21:27:29 --> Session: Class initialized using 'CodeIgniter\Session\Handlers\FileHandler' driver.
INFO - 2023-04-10 21:27:31 --> Session: Class initialized using 'CodeIgniter\Session\Handlers\FileHandler' driver.
INFO - 2023-04-10 21:27:31 --> Session: Class initialized using 'CodeIgniter\Session\Handlers\FileHandler' driver.
INFO - 2023-04-10 21:27:55 --> Session: Class initialized using 'CodeIgniter\Session\Handlers\FileHandler' driver.
INFO - 2023-04-10 21:27:56 --> Session: Class initialized using 'CodeIgniter\Session\Handlers\FileHandler' driver.
INFO - 2023-04-10 21:28:00 --> Session: Class initialized using 'CodeIgniter\Session\Handlers\FileHandler' driver.
INFO - 2023-04-10 21:28:02 --> Session: Class initialized using 'CodeIgniter\Session\Handlers\FileHandler' driver.
INFO - 2023-04-10 21:28:02 --> Session: Class initialized using 'CodeIgniter\Session\Handlers\FileHandler' driver.
INFO - 2023-04-10 21:28:03 --> Session: Class initialized using 'CodeIgniter\Session\Handlers\FileHandler' driver.
INFO - 2023-04-10 21:28:04 --> Session: Class initialized using 'CodeIgniter\Session\Handlers\FileHandler' driver.
INFO - 2023-04-10 21:28:04 --> Session: Class initialized using 'CodeIgniter\Session\Handlers\FileHandler' driver.
INFO - 2023-04-10 21:28:05 --> Session: Class initialized using 'CodeIgniter\Session\Handlers\FileHandler' driver.
INFO - 2023-04-10 21:30:03 --> Session: Class initialized using 'CodeIgniter\Session\Handlers\FileHandler' driver.
INFO - 2023-04-10 21:30:12 --> Session: Class initialized using 'CodeIgniter\Session\Handlers\FileHandler' driver.
